2019-07-03 10:39:30,431- INFO - ['futures/ticker:BTC-USD-190927', 'futures/ticker:ETH-USD-190927', 'futures/ticker:EOS-USD-190927', 'futures/ticker:LTC-USD-190927'] [main.py:93]
2019-07-03 10:39:30,431- INFO - 17005486688 17:00 8:00 True [main.py:94]
2019-07-03 10:39:30,432- INFO - pair1: BTC-USD-190927 10400.0 10200.0 [main.py:99]
2019-07-03 10:39:30,432- INFO - pair2: ETH-USD-190927 310.0 288.0 [main.py:104]
2019-07-03 10:39:30,432- INFO - pair3: EOS-USD-190927 6.05 5.98 [main.py:109]
2019-07-03 10:39:30,432- INFO - pair4: LTC-USD-190927 130.0 120.0 [main.py:115]
2019-07-03 10:39:30,588- DEBUG - --- request header --- [_logging.py:55]
2019-07-03 10:39:30,588- DEBUG - GET /ws/v3 HTTP/1.1
Upgrade: websocket
Connection: Upgrade
Host: real.okex.com:10442
Origin: http://real.okex.com:10442
Sec-WebSocket-Key: nZJ/AsYVNjtZE6SD/yaU8A==
Sec-WebSocket-Version: 13

 [_logging.py:56]
2019-07-03 10:39:30,588- DEBUG - ----------------------- [_logging.py:57]
2019-07-03 10:39:30,588- DEBUG - --- response header --- [_logging.py:74]
2019-07-03 10:39:30,639- DEBUG - HTTP/1.1 101 Switching Protocols [_logging.py:74]
2019-07-03 10:39:30,640- DEBUG - Server: nginx [_logging.py:74]
2019-07-03 10:39:30,640- DEBUG - Date: Wed, 03 Jul 2019 02:39:30 GMT [_logging.py:74]
2019-07-03 10:39:30,641- DEBUG - Connection: upgrade [_logging.py:74]
2019-07-03 10:39:30,641- DEBUG - upgrade: websocket [_logging.py:74]
2019-07-03 10:39:30,642- DEBUG - sec-websocket-accept: h/pF9bshPTuIfJoAgdhiUJdNo3M= [_logging.py:74]
2019-07-03 10:39:30,643- DEBUG - ----------------------- [_logging.py:74]
2019-07-03 10:39:30,643- DEBUG - send: b'\x81\xfe\x00\x89?6etD\x14\n\x04\x1d\x0cEVSY\x02\x1dQ\x14IT\x1dW\x17\x13L\x14_Td\x14RLZ\x0eV\x12\x0e\x07HDYUSY\x0b\x07\x07\x15\x12T\x07B\x0f\x1b]\x17\x06\x06QF[W\x00E\x0fPGX\x1f\x14]A\x08\x0eW@\x1d\x1aEV\x0e\x03SF\x0e\x04TA\x08\x07GX\x1f\x14U@]L(\x18z^\x15?\x0eT\x12_j\x00\x04GOr$BLo$\x18P^W\x19lsU8Ow\x0b\x10\td0\x10\x0f\x0bG)B' [_logging.py:74]
2019-07-03 10:39:32,644- DEBUG - send: b'\x81\xfe\x00\xa1\x9b\x8f&\xdd\xe0\xadI\xad\xb9\xb5\x06\xff\xe8\xfaD\xae\xf8\xfdO\xbf\xfe\xad\n\xfd\xb9\xeeT\xba\xe8\xad\x1c\xfd\xc0\xad@\xa8\xef\xfaT\xb8\xe8\xa0R\xb4\xf8\xe4C\xaf\xa1\xcdr\x9e\xb6\xdau\x99\xb6\xbe\x1f\xed\xa2\xbd\x11\xff\xb7\xaf\x04\xbb\xee\xfbS\xaf\xfe\xfc\t\xa9\xf2\xecM\xb8\xe9\xb5c\x89\xd3\xa2s\x8e\xdf\xa2\x17\xe4\xab\xb6\x14\xea\xb9\xa3\x06\xff\xfd\xfaR\xa8\xe9\xeaU\xf2\xef\xe6E\xb6\xfe\xfd\x1c\x98\xd4\xdc\x0b\x88\xc8\xcb\x0b\xec\xa2\xbf\x1f\xef\xac\xad\n\xfd\xb9\xe9S\xa9\xee\xfdC\xae\xb4\xfbO\xbe\xf0\xeaT\xe7\xd7\xdbe\xf0\xce\xdcb\xf0\xaa\xb6\x16\xe4\xa9\xb8\x04\x80\xe6' [_logging.py:74]
2019-07-03 10:39:32,651- INFO - {'event': 'login', 'success': True} [main.py:50]
2019-07-03 10:39:32,702- INFO - {'event': 'subscribe', 'channel': 'futures/ticker:BTC-USD-190927'} [main.py:50]
2019-07-03 10:39:32,702- INFO - {'event': 'subscribe', 'channel': 'futures/ticker:ETH-USD-190927'} [main.py:50]
2019-07-03 10:39:32,702- INFO - {'event': 'subscribe', 'channel': 'futures/ticker:EOS-USD-190927'} [main.py:50]
2019-07-03 10:39:32,703- INFO - {'event': 'subscribe', 'channel': 'futures/ticker:LTC-USD-190927'} [main.py:50]
2019-07-03 10:39:32,703- INFO - {'table': 'futures/ticker', 'data': [{'last': '11647.27', 'best_bid': '11647.26', 'high_24h': '11811.97', 'low_24h': '10032.92', 'volume_24h': '25075490', 'open_interest': '3670124', 'best_ask': '11647.27', 'instrument_id': 'BTC-USD-190927', 'open_24h': '10729.29', 'timestamp': '2019-07-03T02:39:32.017Z', 'volume_token_24h': '215290.7076078772'}]} [main.py:50]
2019-07-03 10:39:32,813- INFO - {'error': 0, 'msg': 'ok', 'batch_id': '06-C3CA412B-3184-6970-2F73-FAC419640409'} [main.py:199]
2019-07-03 10:39:32,868- INFO - {'error': -42, 'msg': 'FREQUENCE_ERROR'} [main.py:199]
2019-07-03 10:39:32,868- INFO - {'table': 'futures/ticker', 'data': [{'last': '306.05', 'best_bid': '306.049', 'high_24h': '309.25', 'low_24h': '283.992', 'volume_24h': '53759645', 'open_interest': '10931893', 'best_ask': '306.05', 'instrument_id': 'ETH-USD-190927', 'open_24h': '303.43', 'timestamp': '2019-07-03T02:39:31.743Z', 'volume_token_24h': '1756564.1235092306'}]} [main.py:50]
2019-07-03 10:39:32,868- INFO - {'table': 'futures/ticker', 'data': [{'last': '6.221', 'best_bid': '6.22', 'high_24h': '6.342', 'low_24h': '5.801', 'volume_24h': '46585407', 'open_interest': '6819254', 'best_ask': '6.221', 'instrument_id': 'EOS-USD-190927', 'open_24h': '6.248', 'timestamp': '2019-07-03T02:39:31.723Z', 'volume_token_24h': '74884113.48657772'}]} [main.py:50]
2019-07-03 10:39:32,914- INFO - {'error': -42, 'msg': 'FREQUENCE_ERROR'} [main.py:199]
2019-07-03 10:39:32,959- INFO - {'error': -42, 'msg': 'FREQUENCE_ERROR'} [main.py:199]
2019-07-03 10:39:32,959- INFO - {'table': 'futures/ticker', 'data': [{'last': '126.759', 'best_bid': '126.759', 'high_24h': '128.303', 'low_24h': '116.967', 'volume_24h': '18772657', 'open_interest': '3870410', 'best_ask': '126.76', 'instrument_id': 'LTC-USD-190927', 'open_24h': '124.719', 'timestamp': '2019-07-03T02:39:31.891Z', 'volume_token_24h': '1480972.317547472'}]} [main.py:50]
2019-07-03 10:39:32,959- INFO - {'table': 'futures/ticker', 'data': [{'last': '6.221', 'best_bid': '6.22', 'high_24h': '6.342', 'low_24h': '5.801', 'volume_24h': '46585602', 'open_interest': '6819137', 'best_ask': '6.221', 'instrument_id': 'EOS-USD-190927', 'open_24h': '6.248', 'timestamp': '2019-07-03T02:39:32.838Z', 'volume_token_24h': '74884426.94100627'}]} [main.py:50]
2019-07-03 10:39:32,960- INFO - {'table': 'futures/ticker', 'data': [{'last': '306.05', 'best_bid': '306.049', 'high_24h': '309.25', 'low_24h': '283.992', 'volume_24h': '53759655', 'open_interest': '10931885', 'best_ask': '306.05', 'instrument_id': 'ETH-USD-190927', 'open_24h': '303.43', 'timestamp': '2019-07-03T02:39:32.873Z', 'volume_token_24h': '1756564.4502532266'}]} [main.py:50]
2019-07-03 10:39:33,127- INFO - {'table': 'futures/ticker', 'data': [{'last': '11647.44', 'best_bid': '11647.42', 'high_24h': '11811.97', 'low_24h': '10032.92', 'volume_24h': '25075650', 'open_interest': '3670079', 'best_ask': '11647.43', 'instrument_id': 'BTC-USD-190927', 'open_24h': '10729.29', 'timestamp': '2019-07-03T02:39:33.127Z', 'volume_token_24h': '215288.93902866208'}]} [main.py:50]
2019-07-03 10:39:33,944- INFO - {'table': 'futures/ticker', 'data': [{'last': '6.22', 'best_bid': '6.22', 'high_24h': '6.342', 'low_24h': '5.801', 'volume_24h': '46585723', 'open_interest': '6819137', 'best_ask': '6.221', 'instrument_id': 'EOS-USD-190927', 'open_24h': '6.248', 'timestamp': '2019-07-03T02:39:33.945Z', 'volume_token_24h': '74896660.77170418'}]} [main.py:50]
2019-07-03 10:39:33,975- INFO - {'table': 'futures/ticker', 'data': [{'last': '306.049', 'best_bid': '306.049', 'high_24h': '309.25', 'low_24h': '283.992', 'volume_24h': '53759665', 'open_interest': '10931885', 'best_ask': '306.05', 'instrument_id': 'ETH-USD-190927', 'open_24h': '303.43', 'timestamp': '2019-07-03T02:39:33.977Z', 'volume_token_24h': '1756570.5164859223'}]} [main.py:50]
2019-07-03 10:39:34,304- INFO - {'table': 'futures/ticker', 'data': [{'last': '11647.44', 'best_bid': '11647.43', 'high_24h': '11811.97', 'low_24h': '10032.92', 'volume_24h': '25075681', 'open_interest': '3669977', 'best_ask': '11647.44', 'instrument_id': 'BTC-USD-190927', 'open_24h': '10729.29', 'timestamp': '2019-07-03T02:39:34.229Z', 'volume_token_24h': '215289.20518156778'}]} [main.py:50]
2019-07-03 10:39:35,050- INFO - {'table': 'futures/ticker', 'data': [{'last': '6.22', 'best_bid': '6.22', 'high_24h': '6.342', 'low_24h': '5.801', 'volume_24h': '46585729', 'open_interest': '6819111', 'best_ask': '6.221', 'instrument_id': 'EOS-USD-190927', 'open_24h': '6.248', 'timestamp': '2019-07-03T02:39:35.052Z', 'volume_token_24h': '74896670.41800644'}]} [main.py:50]
2019-07-03 10:39:35,084- INFO - {'table': 'futures/ticker', 'data': [{'last': '306.05', 'best_bid': '306.049', 'high_24h': '309.25', 'low_24h': '283.992', 'volume_24h': '53759757', 'open_interest': '10931886', 'best_ask': '306.05', 'instrument_id': 'ETH-USD-190927', 'open_24h': '303.43', 'timestamp': '2019-07-03T02:39:35.090Z', 'volume_token_24h': '1756567.7830419866'}]} [main.py:50]
2019-07-03 10:39:35,173- INFO - {'table': 'futures/ticker', 'data': [{'last': '126.759', 'best_bid': '126.759', 'high_24h': '128.303', 'low_24h': '116.967', 'volume_24h': '18773069', 'open_interest': '3870415', 'best_ask': '126.76', 'instrument_id': 'LTC-USD-190927', 'open_24h': '124.719', 'timestamp': '2019-07-03T02:39:35.174Z', 'volume_token_24h': '1481004.82017056'}]} [main.py:50]
2019-07-03 10:39:35,338- INFO - {'table': 'futures/ticker', 'data': [{'last': '11647.44', 'best_bid': '11647.43', 'high_24h': '11811.97', 'low_24h': '10032.92', 'volume_24h': '25075706', 'open_interest': '3669977', 'best_ask': '11647.44', 'instrument_id': 'BTC-USD-190927', 'open_24h': '10729.29', 'timestamp': '2019-07-03T02:39:35.330Z', 'volume_token_24h': '215289.41982100788'}]} [main.py:50]
2019-07-03 10:39:36,220- INFO - {'table': 'futures/ticker', 'data': [{'last': '6.22', 'best_bid': '6.22', 'high_24h': '6.342', 'low_24h': '5.801', 'volume_24h': '46585733', 'open_interest': '6819114', 'best_ask': '6.221', 'instrument_id': 'EOS-USD-190927', 'open_24h': '6.248', 'timestamp': '2019-07-03T02:39:36.167Z', 'volume_token_24h': '74896676.8488746'}]} [main.py:50]
2019-07-03 10:39:36,247- INFO - {'table': 'futures/ticker', 'data': [{'last': '306.05', 'best_bid': '306.049', 'high_24h': '309.25', 'low_24h': '283.992', 'volume_24h': '53759779', 'open_interest': '10931866', 'best_ask': '306.05', 'instrument_id': 'ETH-USD-190927', 'open_24h': '303.43', 'timestamp': '2019-07-03T02:39:36.195Z', 'volume_token_24h': '1756568.501878778'}]} [main.py:50]
2019-07-03 10:39:36,281- INFO - {'table': 'futures/ticker', 'data': [{'last': '126.759', 'best_bid': '126.759', 'high_24h': '128.303', 'low_24h': '116.967', 'volume_24h': '18773072', 'open_interest': '3870006', 'best_ask': '126.76', 'instrument_id': 'LTC-USD-190927', 'open_24h': '124.719', 'timestamp': '2019-07-03T02:39:36.281Z', 'volume_token_24h': '1481005.0568401455'}]} [main.py:50]
2019-07-03 10:39:36,430- INFO - {'table': 'futures/ticker', 'data': [{'last': '11653.68', 'best_bid': '11647.82', 'high_24h': '11811.97', 'low_24h': '10032.92', 'volume_24h': '25075805', 'open_interest': '3669983', 'best_ask': '11653.67', 'instrument_id': 'BTC-USD-190927', 'open_24h': '10729.29', 'timestamp': '2019-07-03T02:39:36.433Z', 'volume_token_24h': '215174.9919338784'}]} [main.py:50]
2019-07-03 10:39:37,299- INFO - {'table': 'futures/ticker', 'data': [{'last': '306.124', 'best_bid': '306.123', 'high_24h': '309.25', 'low_24h': '283.992', 'volume_24h': '53759910', 'open_interest': '10931866', 'best_ask': '306.124', 'instrument_id': 'ETH-USD-190927', 'open_24h': '303.43', 'timestamp': '2019-07-03T02:39:37.303Z', 'volume_token_24h': '1756148.1621826447'}]} [main.py:50]
2019-07-03 10:39:37,423- INFO - {'table': 'futures/ticker', 'data': [{'last': '126.76', 'best_bid': '126.759', 'high_24h': '128.303', 'low_24h': '116.967', 'volume_24h': '18773073', 'open_interest': '3870006', 'best_ask': '126.76', 'instrument_id': 'LTC-USD-190927', 'open_24h': '124.719', 'timestamp': '2019-07-03T02:39:37.399Z', 'volume_token_24h': '1480993.4521931207'}]} [main.py:50]
2019-07-03 10:39:37,540- INFO - {'table': 'futures/ticker', 'data': [{'last': '11653.67', 'best_bid': '11653.66', 'high_24h': '11811.97', 'low_24h': '10032.92', 'volume_24h': '25075810', 'open_interest': '3669983', 'best_ask': '11653.67', 'instrument_id': 'BTC-USD-190927', 'open_24h': '10729.29', 'timestamp': '2019-07-03T02:39:37.543Z', 'volume_token_24h': '215175.21948021525'}]} [main.py:50]
2019-07-03 10:39:38,348- INFO - {'table': 'futures/ticker', 'data': [{'last': '6.22', 'best_bid': '6.218', 'high_24h': '6.342', 'low_24h': '5.801', 'volume_24h': '46587251', 'open_interest': '6818304', 'best_ask': '6.22', 'instrument_id': 'EOS-USD-190927', 'open_24h': '6.248', 'timestamp': '2019-07-03T02:39:38.350Z', 'volume_token_24h': '74899117.36334406'}]} [main.py:50]
2019-07-03 10:39:38,411- INFO - {'table': 'futures/ticker', 'data': [{'last': '306.145', 'best_bid': '306.147', 'high_24h': '309.25', 'low_24h': '283.992', 'volume_24h': '53760219', 'open_interest': '10932063', 'best_ask': '306.2', 'instrument_id': 'ETH-USD-190927', 'open_24h': '303.43', 'timestamp': '2019-07-03T02:39:38.415Z', 'volume_token_24h': '1756037.7925492823'}]} [main.py:50]
2019-07-03 10:39:38,503- INFO - {'table': 'futures/ticker', 'data': [{'last': '126.76', 'best_bid': '126.759', 'high_24h': '128.303', 'low_24h': '116.967', 'volume_24h': '18773088', 'open_interest': '3870006', 'best_ask': '126.761', 'instrument_id': 'LTC-USD-190927', 'open_24h': '124.719', 'timestamp': '2019-07-03T02:39:38.505Z', 'volume_token_24h': '1480994.6355317135'}]} [main.py:50]
2019-07-03 10:39:38,642- INFO - {'table': 'futures/ticker', 'data': [{'last': '11658.5', 'best_bid': '11655.38', 'high_24h': '11811.97', 'low_24h': '10032.92', 'volume_24h': '25075850', 'open_interest': '3669979', 'best_ask': '11658.5', 'instrument_id': 'BTC-USD-190927', 'open_24h': '10729.29', 'timestamp': '2019-07-03T02:39:38.643Z', 'volume_token_24h': '215086.4176352018'}]} [main.py:50]
2019-07-03 10:39:39,448- INFO - {'table': 'futures/ticker', 'data': [{'last': '6.22', 'best_bid': '6.219', 'high_24h': '6.342', 'low_24h': '5.801', 'volume_24h': '46587367', 'open_interest': '6818304', 'best_ask': '6.22', 'instrument_id': 'EOS-USD-190927', 'open_24h': '6.248', 'timestamp': '2019-07-03T02:39:39.451Z', 'volume_token_24h': '74899303.85852091'}]} [main.py:50]
2019-07-03 10:39:39,518- INFO - {'table': 'futures/ticker', 'data': [{'last': '306.24', 'best_bid': '306.239', 'high_24h': '309.25', 'low_24h': '283.992', 'volume_24h': '53760225', 'open_interest': '10932063', 'best_ask': '306.24', 'instrument_id': 'ETH-USD-190927', 'open_24h': '303.43', 'timestamp': '2019-07-03T02:39:39.521Z', 'volume_token_24h': '1755493.2405956113'}]} [main.py:50]
2019-07-03 10:39:39,619- INFO - {'table': 'futures/ticker', 'data': [{'last': '126.761', 'best_bid': '126.78', 'high_24h': '128.303', 'low_24h': '116.967', 'volume_24h': '18773093', 'open_interest': '3870006', 'best_ask': '126.802', 'instrument_id': 'LTC-USD-190927', 'open_24h': '124.719', 'timestamp': '2019-07-03T02:39:39.608Z', 'volume_token_24h': '1480983.3466129173'}]} [main.py:50]
2019-07-03 10:39:39,742- INFO - {'table': 'futures/ticker', 'data': [{'last': '11658.48', 'best_bid': '11658.49', 'high_24h': '11811.97', 'low_24h': '10032.92', 'volume_24h': '25075999', 'open_interest': '3669979', 'best_ask': '11658.5', 'instrument_id': 'BTC-USD-190927', 'open_24h': '10729.29', 'timestamp': '2019-07-03T02:39:39.744Z', 'volume_token_24h': '215088.0646533682'}]} [main.py:50]
2019-07-03 10:39:40,639- INFO - {'table': 'futures/ticker', 'data': [{'last': '6.22', 'best_bid': '6.22', 'high_24h': '6.342', 'low_24h': '5.801', 'volume_24h': '46587386', 'open_interest': '6818203', 'best_ask': '6.221', 'instrument_id': 'EOS-USD-190927', 'open_24h': '6.248', 'timestamp': '2019-07-03T02:39:40.562Z', 'volume_token_24h': '74899334.40514469'}]} [main.py:50]
2019-07-03 10:39:40,658- INFO - {'table': 'futures/ticker', 'data': [{'last': '306.242', 'best_bid': '306.24', 'high_24h': '309.25', 'low_24h': '283.992', 'volume_24h': '53760235', 'open_interest': '10932063', 'best_ask': '306.241', 'instrument_id': 'ETH-USD-190927', 'open_24h': '303.43', 'timestamp': '2019-07-03T02:39:40.630Z', 'volume_token_24h': '1755482.1023896134'}]} [main.py:50]
2019-07-03 10:39:40,714- INFO - {'table': 'futures/ticker', 'data': [{'last': '126.761', 'best_bid': '126.784', 'high_24h': '128.303', 'low_24h': '116.967', 'volume_24h': '18773093', 'open_interest': '3870001', 'best_ask': '126.801', 'instrument_id': 'LTC-USD-190927', 'open_24h': '124.719', 'timestamp': '2019-07-03T02:39:40.715Z', 'volume_token_24h': '1480983.3466129173'}]} [main.py:50]
2019-07-03 10:39:40,840- INFO - {'table': 'futures/ticker', 'data': [{'last': '11658.54', 'best_bid': '11658.54', 'high_24h': '11811.97', 'low_24h': '10032.92', 'volume_24h': '25076116', 'open_interest': '3670014', 'best_ask': '11658.55', 'instrument_id': 'BTC-USD-190927', 'open_24h': '10729.29', 'timestamp': '2019-07-03T02:39:40.844Z', 'volume_token_24h': '215087.9612713084'}]} [main.py:50]
2019-07-03 10:39:41,683- INFO - {'table': 'futures/ticker', 'data': [{'last': '6.22', 'best_bid': '6.219', 'high_24h': '6.342', 'low_24h': '5.801', 'volume_24h': '46587429', 'open_interest': '6818203', 'best_ask': '6.22', 'instrument_id': 'EOS-USD-190927', 'open_24h': '6.248', 'timestamp': '2019-07-03T02:39:41.685Z', 'volume_token_24h': '74899403.5369775'}]} [main.py:50]
2019-07-03 10:39:41,736- INFO - {'table': 'futures/ticker', 'data': [{'last': '306.241', 'best_bid': '306.24', 'high_24h': '309.25', 'low_24h': '283.992', 'volume_24h': '53760247', 'open_interest': '10932063', 'best_ask': '306.241', 'instrument_id': 'ETH-USD-190927', 'open_24h': '303.43', 'timestamp': '2019-07-03T02:39:41.741Z', 'volume_token_24h': '1755488.2265927815'}]} [main.py:50]
2019-07-03 10:39:41,827- INFO - {'table': 'futures/ticker', 'data': [{'last': '126.761', 'best_bid': '126.785', 'high_24h': '128.303', 'low_24h': '116.967', 'volume_24h': '18773093', 'open_interest': '3870001', 'best_ask': '126.8', 'instrument_id': 'LTC-USD-190927', 'open_24h': '124.719', 'timestamp': '2019-07-03T02:39:41.825Z', 'volume_token_24h': '1480983.3466129173'}]} [main.py:50]
2019-07-03 10:39:41,944- INFO - {'table': 'futures/ticker', 'data': [{'last': '11658.57', 'best_bid': '11658.54', 'high_24h': '11811.97', 'low_24h': '10032.92', 'volume_24h': '25076130', 'open_interest': '3670014', 'best_ask': '11658.57', 'instrument_id': 'BTC-USD-190927', 'open_24h': '10729.29', 'timestamp': '2019-07-03T02:39:41.940Z', 'volume_token_24h': '215087.52788721086'}]} [main.py:50]
2019-07-03 10:39:42,818- INFO - {'table': 'futures/ticker', 'data': [{'last': '6.221', 'best_bid': '6.219', 'high_24h': '6.342', 'low_24h': '5.801', 'volume_24h': '46587787', 'open_interest': '6818022', 'best_ask': '6.221', 'instrument_id': 'EOS-USD-190927', 'open_24h': '6.248', 'timestamp': '2019-07-03T02:39:42.819Z', 'volume_token_24h': '74887939.23806462'}]} [main.py:50]
2019-07-03 10:39:42,842- INFO - {'table': 'futures/ticker', 'data': [{'last': '306.241', 'best_bid': '306.24', 'high_24h': '309.25', 'low_24h': '283.992', 'volume_24h': '53760257', 'open_interest': '10932065', 'best_ask': '306.241', 'instrument_id': 'ETH-USD-190927', 'open_24h': '303.43', 'timestamp': '2019-07-03T02:39:42.846Z', 'volume_token_24h': '1755488.5531329901'}]} [main.py:50]
2019-07-03 10:39:42,922- INFO - {'table': 'futures/ticker', 'data': [{'last': '126.761', 'best_bid': '126.79', 'high_24h': '128.303', 'low_24h': '116.967', 'volume_24h': '18773093', 'open_interest': '3870001', 'best_ask': '126.8', 'instrument_id': 'LTC-USD-190927', 'open_24h': '124.719', 'timestamp': '2019-07-03T02:39:42.927Z', 'volume_token_24h': '1480983.3466129173'}]} [main.py:50]
2019-07-03 10:39:43,039- INFO - {'table': 'futures/ticker', 'data': [{'last': '11658.56', 'best_bid': '11658.56', 'high_24h': '11811.97', 'low_24h': '10032.92', 'volume_24h': '25076186', 'open_interest': '3669999', 'best_ask': '11658.57', 'instrument_id': 'BTC-USD-190927', 'open_24h': '10729.29', 'timestamp': '2019-07-03T02:39:43.043Z', 'volume_token_24h': '215088.19270990585'}]} [main.py:50]
2019-07-03 10:39:43,750- DEBUG - send: b'\x88\x82\\\xcd\x1c\x94_%' [_logging.py:74]
2019-07-03 10:39:43,801- INFO - Connection closed …… [main.py:69]
2019-07-03 10:39:43,801- INFO - webSocketRun [main.py:216]
