2019-10-30 08:41:45,944- INFO - 78e83f11-0fc6-41ba-bb60-8c9042dae10f,9F9E3F62F577C6C34FD73540044C4B15,857824 [MyMACD.py:249]
2019-10-30 08:41:45,944- INFO - key-1c7411a7ddb9c76d0c739636a715e5f8 [MyMACD.py:252]
2019-10-30 08:41:45,945- INFO - ['futures/ticker:BTC-USD-191127', 'futures/ticker:ETH-USD-191127', 'futures/ticker:EOS-USD-191127', 'futures/ticker:LTC-USD-191127'] [MyMACD.py:257]
2019-10-30 08:41:45,945- INFO - 17005486688 [MyMACD.py:259]
2019-10-30 08:41:45,945- INFO - pair1: BTC-USD-191127 10400.0 10200.0 [MyMACD.py:264]
2019-10-30 08:41:45,945- INFO - pair2: ETH-USD-191127 310.0 288.0 [MyMACD.py:270]
2019-10-30 08:41:45,945- INFO - pair3: EOS-USD-191127 7.05 5.98 [MyMACD.py:276]
2019-10-30 08:41:45,946- INFO - pair4: LTC-USD-191127 130.0 120.0 [MyMACD.py:283]
2019-10-30 08:41:46,080- DEBUG - --- request header --- [_logging.py:55]
2019-10-30 08:41:46,080- DEBUG - GET /ws/v3 HTTP/1.1
Upgrade: websocket
Connection: Upgrade
Host: real.okex.com:10442
Origin: http://real.okex.com:10442
Sec-WebSocket-Key: fK4n2W7C/EPys9exsKyrJw==
Sec-WebSocket-Version: 13

 [_logging.py:56]
2019-10-30 08:41:46,080- DEBUG - ----------------------- [_logging.py:57]
2019-10-30 08:41:46,080- DEBUG - --- response header --- [_logging.py:74]
2019-10-30 08:41:46,124- DEBUG - HTTP/1.1 101 Switching Protocols [_logging.py:74]
2019-10-30 08:41:46,124- DEBUG - Server: nginx [_logging.py:74]
2019-10-30 08:41:46,124- DEBUG - Date: Wed, 30 Oct 2019 00:41:46 GMT [_logging.py:74]
2019-10-30 08:41:46,125- DEBUG - Connection: upgrade [_logging.py:74]
2019-10-30 08:41:46,125- DEBUG - upgrade: websocket [_logging.py:74]
2019-10-30 08:41:46,125- DEBUG - sec-websocket-accept: /U2gqUhuuJV9AsKsSRw6hCJZZjU= [_logging.py:74]
2019-10-30 08:41:46,125- DEBUG - ----------------------- [_logging.py:74]
2019-10-30 08:41:46,126- DEBUG - send: b'\x81\xfe\x00\x893d$kHFK\x1b\x11^\x04I_\x0bC\x02]F\x08K\x11\x05V\x0c@F\x1eKhF\x13SV\\\x17\r\x02U\t[U\x07\x12F\x07UF\n\x1e\x06F]\x03I\x1c\x08\nT\x10YW\x05AZ\x03\x02\x06G\x13F\x1c^\x04\\\x16_\x11H\x04I\x02Q\x13Y\x00]\x12Z\x03R\x06G\x13F\x17>R\x10i%\x187m\'D\nm^b\r\x1d\re\x02vZ@"s\x05|+R\\XU\x10\x05g=j\x03\x02/t\x12TY\x066N' [_logging.py:74]
2019-10-30 08:41:48,128- DEBUG - send: b'\x81\xfe\x00\x91\xfe\xa2\xc8\xbb\x85\x80\xa7\xcb\xdc\x98\xe8\x99\x8d\xd7\xaa\xc8\x9d\xd0\xa1\xd9\x9b\x80\xe4\x9b\xdc\xc3\xba\xdc\x8d\x80\xf2\x9b\xa5\x80\xbb\xcb\x91\xd6\xe7\xd8\x9f\xcc\xac\xd7\x9b\x93\xf0\x8b\xce\xd1\xf2\xf9\xaa\xe1\xe5\xee\xad\xe6\x9c\x99\xd2\x82\xea\xc8\x8e\xcd\xbc\x94\x9d\xc3\xa6\xdf\x92\xc7\xf9\x83\xce\x92\xbb\x81\xbc\xe1\x80\x96\xab\xf1\x8c\xef\xdc\x8e\xe8\x99\x8d\xd2\xa7\xcf\xd1\xc1\xa9\xd5\x9a\xce\xad\x8a\xc6\x92\xf8\xc8\xc4\xe7\x9c\xf3\xd3\xf7\x9b\xff\xaa\x80\xe4\x9b\xdc\xd1\xb8\xd4\x8a\x8d\xab\xda\x90\xc6\xa4\xde\xcf\x9a\xf8\x8b\x8d\x98\x8d\xf4\xad\x8f\x9d\xe8\xba\xf6\xea\xe6\x83' [_logging.py:74]
2019-10-30 08:41:48,129- INFO - {'event': 'login', 'success': True} [MyMACD.py:295]
2019-10-30 08:41:48,173- INFO - {'event': 'subscribe', 'channel': 'spot/candle1800s:BTC-USDT'} [MyMACD.py:295]
2019-10-30 08:41:48,174- INFO - {'event': 'subscribe', 'channel': 'spot/candle1800s:BCH-USDT'} [MyMACD.py:295]
2019-10-30 08:41:48,174- INFO - {'event': 'subscribe', 'channel': 'spot/candle1800s:ETH-USDT'} [MyMACD.py:295]
2019-10-30 08:41:48,174- INFO - {'event': 'subscribe', 'channel': 'spot/candle1800s:EOS-USDT'} [MyMACD.py:295]
2019-10-30 08:41:48,175- INFO - {'table': 'spot/candle1800s', 'data': [{'candle': ['2019-10-30T00:30:00.000Z', '9395.7', '9405', '9383.6', '9389.9', '169.11094675'], 'instrument_id': 'BTC-USDT'}]} [MyMACD.py:295]
2019-10-30 08:41:48,175- INFO - {'table': 'spot/candle1800s', 'data': [{'candle': ['2019-10-30T00:30:00.000Z', '287.13', '288.25', '287.05', '287.91', '668.7048'], 'instrument_id': 'BCH-USDT'}]} [MyMACD.py:295]
2019-10-30 08:41:48,175- INFO - {'table': 'spot/candle1800s', 'data': [{'candle': ['2019-10-30T00:30:00.000Z', '190.13', '190.39', '189.85', '190.2', '2014.604125'], 'instrument_id': 'ETH-USDT'}]} [MyMACD.py:295]
2019-10-30 08:41:48,176- INFO - {'table': 'spot/candle1800s', 'data': [{'candle': ['2019-10-30T00:30:00.000Z', '3.386', '3.392', '3.384', '3.39', '14932.1029'], 'instrument_id': 'EOS-USDT'}]} [MyMACD.py:295]
2019-10-30 08:41:50,128- INFO - {'table': 'spot/candle1800s', 'data': [{'candle': ['2019-10-30T00:30:00.000Z', '3.386', '3.392', '3.384', '3.391', '15808.6115'], 'instrument_id': 'EOS-USDT'}]} [MyMACD.py:295]
2019-10-30 08:41:50,820- INFO - {'table': 'spot/candle1800s', 'data': [{'candle': ['2019-10-30T00:30:00.000Z', '9395.7', '9405', '9383.6', '9390', '169.11591776'], 'instrument_id': 'BTC-USDT'}]} [MyMACD.py:295]
2019-10-30 08:41:50,981- INFO - {'table': 'spot/candle1800s', 'data': [{'candle': ['2019-10-30T00:30:00.000Z', '287.13', '288.25', '287.05', '287.91', '669.4314'], 'instrument_id': 'BCH-USDT'}]} [MyMACD.py:295]
2019-10-30 08:41:53,643- INFO - {'table': 'spot/candle1800s', 'data': [{'candle': ['2019-10-30T00:30:00.000Z', '3.386', '3.392', '3.384', '3.39', '17555.5177'], 'instrument_id': 'EOS-USDT'}]} [MyMACD.py:295]
2019-10-30 08:41:54,335- INFO - {'table': 'spot/candle1800s', 'data': [{'candle': ['2019-10-30T00:30:00.000Z', '9395.7', '9405', '9383.6', '9390', '169.14548358'], 'instrument_id': 'BTC-USDT'}]} [MyMACD.py:295]
2019-10-30 08:41:56,511- INFO - {'table': 'spot/candle1800s', 'data': [{'candle': ['2019-10-30T00:30:00.000Z', '190.13', '190.39', '189.85', '190.2', '2230.74032'], 'instrument_id': 'ETH-USDT'}]} [MyMACD.py:295]
2019-10-30 08:42:00,021- INFO - {'table': 'spot/candle1800s', 'data': [{'candle': ['2019-10-30T00:30:00.000Z', '190.13', '190.39', '189.85', '190.2', '2243.644386'], 'instrument_id': 'ETH-USDT'}]} [MyMACD.py:295]
2019-10-30 08:42:01,350- INFO - {'table': 'spot/candle1800s', 'data': [{'candle': ['2019-10-30T00:30:00.000Z', '9395.7', '9405', '9383.6', '9390.8', '169.14787535'], 'instrument_id': 'BTC-USDT'}]} [MyMACD.py:295]
2019-10-30 08:42:03,542- INFO - {'table': 'spot/candle1800s', 'data': [{'candle': ['2019-10-30T00:30:00.000Z', '190.13', '190.39', '189.85', '190.21', '2253.013347'], 'instrument_id': 'ETH-USDT'}]} [MyMACD.py:295]
2019-10-30 08:42:04,868- INFO - {'table': 'spot/candle1800s', 'data': [{'candle': ['2019-10-30T00:30:00.000Z', '9395.7', '9405', '9383.6', '9391', '169.4010995'], 'instrument_id': 'BTC-USDT'}]} [MyMACD.py:295]
2019-10-30 08:42:07,065- INFO - {'table': 'spot/candle1800s', 'data': [{'candle': ['2019-10-30T00:30:00.000Z', '190.13', '190.39', '189.85', '190.19', '2253.342672'], 'instrument_id': 'ETH-USDT'}]} [MyMACD.py:295]
2019-10-30 08:42:07,669- INFO - {'table': 'spot/candle1800s', 'data': [{'candle': ['2019-10-30T00:30:00.000Z', '3.386', '3.392', '3.384', '3.39', '17555.5177'], 'instrument_id': 'EOS-USDT'}]} [MyMACD.py:295]
2019-10-30 08:42:08,396- INFO - {'table': 'spot/candle1800s', 'data': [{'candle': ['2019-10-30T00:30:00.000Z', '9395.7', '9405', '9383.6', '9386.9', '170.56872992'], 'instrument_id': 'BTC-USDT'}]} [MyMACD.py:295]
2019-10-30 08:42:08,531- INFO - {'table': 'spot/candle1800s', 'data': [{'candle': ['2019-10-30T00:30:00.000Z', '287.13', '288.25', '287.05', '287.9', '669.5485'], 'instrument_id': 'BCH-USDT'}]} [MyMACD.py:295]
2019-10-30 08:42:10,587- INFO - {'table': 'spot/candle1800s', 'data': [{'candle': ['2019-10-30T00:30:00.000Z', '190.13', '190.39', '189.85', '190.1', '2296.599474'], 'instrument_id': 'ETH-USDT'}]} [MyMACD.py:295]
2019-10-30 08:42:11,186- INFO - {'table': 'spot/candle1800s', 'data': [{'candle': ['2019-10-30T00:30:00.000Z', '3.386', '3.392', '3.384', '3.39', '17567.4948'], 'instrument_id': 'EOS-USDT'}]} [MyMACD.py:295]
2019-10-30 08:42:14,704- INFO - {'table': 'spot/candle1800s', 'data': [{'candle': ['2019-10-30T00:30:00.000Z', '3.386', '3.392', '3.384', '3.389', '18585.5437'], 'instrument_id': 'EOS-USDT'}]} [MyMACD.py:295]
2019-10-30 08:42:15,410- INFO - {'table': 'spot/candle1800s', 'data': [{'candle': ['2019-10-30T00:30:00.000Z', '9395.7', '9405', '9383.6', '9387', '170.577858'], 'instrument_id': 'BTC-USDT'}]} [MyMACD.py:295]
2019-10-30 08:42:17,609- INFO - {'table': 'spot/candle1800s', 'data': [{'candle': ['2019-10-30T00:30:00.000Z', '190.13', '190.39', '189.85', '190.1', '2299.228474'], 'instrument_id': 'ETH-USDT'}]} [MyMACD.py:295]
2019-10-30 08:42:22,435- INFO - {'table': 'spot/candle1800s', 'data': [{'candle': ['2019-10-30T00:30:00.000Z', '9395.7', '9405', '9383.6', '9387.4', '170.65445279'], 'instrument_id': 'BTC-USDT'}]} [MyMACD.py:295]
2019-10-30 08:42:22,553- INFO - {'table': 'spot/candle1800s', 'data': [{'candle': ['2019-10-30T00:30:00.000Z', '287.13', '288.25', '287.05', '287.58', '678.4634'], 'instrument_id': 'BCH-USDT'}]} [MyMACD.py:295]
2019-10-30 08:42:26,100- INFO - {'table': 'spot/candle1800s', 'data': [{'candle': ['2019-10-30T00:30:00.000Z', '287.13', '288.25', '287.05', '287.58', '683.2437'], 'instrument_id': 'BCH-USDT'}]} [MyMACD.py:295]
2019-10-30 08:42:28,798- INFO - {'table': 'spot/candle1800s', 'data': [{'candle': ['2019-10-30T00:30:00.000Z', '3.386', '3.392', '3.384', '3.386', '18605.5496'], 'instrument_id': 'EOS-USDT'}]} [MyMACD.py:295]
2019-10-30 08:42:29,612- INFO - {'table': 'spot/candle1800s', 'data': [{'candle': ['2019-10-30T00:30:00.000Z', '287.13', '288.25', '287.05', '287.53', '683.5137'], 'instrument_id': 'BCH-USDT'}]} [MyMACD.py:295]
2019-10-30 08:42:32,309- INFO - {'table': 'spot/candle1800s', 'data': [{'candle': ['2019-10-30T00:30:00.000Z', '3.386', '3.392', '3.384', '3.387', '18813.6992'], 'instrument_id': 'EOS-USDT'}]} [MyMACD.py:295]
2019-10-30 08:42:35,134- INFO - {'table': 'spot/candle1800s', 'data': [{'candle': ['2019-10-30T00:30:00.000Z', '190.13', '190.39', '189.85', '190.12', '2341.362893'], 'instrument_id': 'ETH-USDT'}]} [MyMACD.py:295]
2019-10-30 08:42:35,828- INFO - {'table': 'spot/candle1800s', 'data': [{'candle': ['2019-10-30T00:30:00.000Z', '3.386', '3.392', '3.384', '3.388', '18845.2466'], 'instrument_id': 'EOS-USDT'}]} [MyMACD.py:295]
2019-10-30 08:42:36,632- INFO - {'table': 'spot/candle1800s', 'data': [{'candle': ['2019-10-30T00:30:00.000Z', '287.13', '288.25', '287.05', '287.53', '683.6268'], 'instrument_id': 'BCH-USDT'}]} [MyMACD.py:295]
2019-10-30 08:42:39,957- INFO - {'table': 'spot/candle1800s', 'data': [{'candle': ['2019-10-30T00:30:00.000Z', '9395.7', '9405', '9383.6', '9390.5', '170.66361702'], 'instrument_id': 'BTC-USDT'}]} [MyMACD.py:295]
2019-10-30 08:42:40,155- INFO - {'table': 'spot/candle1800s', 'data': [{'candle': ['2019-10-30T00:30:00.000Z', '287.13', '288.25', '287.05', '287.42', '695.6954'], 'instrument_id': 'BCH-USDT'}]} [MyMACD.py:295]
2019-10-30 08:42:43,698- INFO - {'table': 'spot/candle1800s', 'data': [{'candle': ['2019-10-30T00:30:00.000Z', '287.13', '288.25', '287.05', '287.49', '712.2144'], 'instrument_id': 'BCH-USDT'}]} [MyMACD.py:295]
2019-10-30 08:42:45,665- INFO - {'table': 'spot/candle1800s', 'data': [{'candle': ['2019-10-30T00:30:00.000Z', '190.13', '190.39', '189.85', '190.12', '2345.285144'], 'instrument_id': 'ETH-USDT'}]} [MyMACD.py:295]
2019-10-30 08:42:46,350- INFO - {'table': 'spot/candle1800s', 'data': [{'candle': ['2019-10-30T00:30:00.000Z', '3.386', '3.392', '3.384', '3.388', '18846.2466'], 'instrument_id': 'EOS-USDT'}]} [MyMACD.py:295]
2019-10-30 08:42:46,977- INFO - {'table': 'spot/candle1800s', 'data': [{'candle': ['2019-10-30T00:30:00.000Z', '9395.7', '9405', '9383.6', '9390.5', '170.79745256'], 'instrument_id': 'BTC-USDT'}]} [MyMACD.py:295]
2019-10-30 08:42:47,215- INFO - {'table': 'spot/candle1800s', 'data': [{'candle': ['2019-10-30T00:30:00.000Z', '287.13', '288.25', '287.05', '287.49', '712.8241'], 'instrument_id': 'BCH-USDT'}]} [MyMACD.py:295]
2019-10-30 08:42:49,895- INFO - {'table': 'spot/candle1800s', 'data': [{'candle': ['2019-10-30T00:30:00.000Z', '3.386', '3.392', '3.384', '3.388', '20850.1276'], 'instrument_id': 'EOS-USDT'}]} [MyMACD.py:295]
2019-10-30 08:42:50,736- INFO - {'table': 'spot/candle1800s', 'data': [{'candle': ['2019-10-30T00:30:00.000Z', '287.13', '288.25', '287.05', '287.44', '713.4771'], 'instrument_id': 'BCH-USDT'}]} [MyMACD.py:295]
2019-10-30 08:42:52,687- INFO - {'table': 'spot/candle1800s', 'data': [{'candle': ['2019-10-30T00:30:00.000Z', '190.13', '190.39', '189.85', '190.14', '2363.099148'], 'instrument_id': 'ETH-USDT'}]} [MyMACD.py:295]
2019-10-30 08:42:53,400- INFO - {'table': 'spot/candle1800s', 'data': [{'candle': ['2019-10-30T00:30:00.000Z', '3.386', '3.392', '3.384', '3.388', '20851.377'], 'instrument_id': 'EOS-USDT'}]} [MyMACD.py:295]
2019-10-30 08:42:57,497- INFO - {'table': 'spot/candle1800s', 'data': [{'candle': ['2019-10-30T00:30:00.000Z', '9395.7', '9405', '9383.6', '9390.4', '171.12243666'], 'instrument_id': 'BTC-USDT'}]} [MyMACD.py:295]
2019-10-30 08:43:04,516- INFO - {'table': 'spot/candle1800s', 'data': [{'candle': ['2019-10-30T00:30:00.000Z', '9395.7', '9405', '9383.6', '9390.5', '171.13052757'], 'instrument_id': 'BTC-USDT'}]} [MyMACD.py:295]
2019-10-30 08:43:06,709- INFO - {'table': 'spot/candle1800s', 'data': [{'candle': ['2019-10-30T00:30:00.000Z', '190.13', '190.39', '189.85', '190.14', '2367.282492'], 'instrument_id': 'ETH-USDT'}]} [MyMACD.py:295]
2019-10-30 08:43:07,421- INFO - {'table': 'spot/candle1800s', 'data': [{'candle': ['2019-10-30T00:30:00.000Z', '3.386', '3.392', '3.384', '3.388', '20851.377'], 'instrument_id': 'EOS-USDT'}]} [MyMACD.py:295]
2019-10-30 08:43:08,257- INFO - {'table': 'spot/candle1800s', 'data': [{'candle': ['2019-10-30T00:30:00.000Z', '287.13', '288.25', '287.05', '287.44', '713.4771'], 'instrument_id': 'BCH-USDT'}]} [MyMACD.py:295]
2019-10-30 08:43:10,230- INFO - {'table': 'spot/candle1800s', 'data': [{'candle': ['2019-10-30T00:30:00.000Z', '190.13', '190.39', '189.85', '190.15', '2367.284783'], 'instrument_id': 'ETH-USDT'}]} [MyMACD.py:295]
2019-10-30 08:43:11,537- INFO - {'table': 'spot/candle1800s', 'data': [{'candle': ['2019-10-30T00:30:00.000Z', '9395.7', '9405', '9383.6', '9390.5', '171.13509601'], 'instrument_id': 'BTC-USDT'}]} [MyMACD.py:295]
2019-10-30 08:43:11,779- INFO - {'table': 'spot/candle1800s', 'data': [{'candle': ['2019-10-30T00:30:00.000Z', '287.13', '288.25', '287.05', '287.44', '713.5667'], 'instrument_id': 'BCH-USDT'}]} [MyMACD.py:295]
2019-10-30 08:43:15,299- INFO - {'table': 'spot/candle1800s', 'data': [{'candle': ['2019-10-30T00:30:00.000Z', '287.13', '288.25', '287.05', '287.5', '713.716'], 'instrument_id': 'BCH-USDT'}]} [MyMACD.py:295]
2019-10-30 08:43:17,947- INFO - {'table': 'spot/candle1800s', 'data': [{'candle': ['2019-10-30T00:30:00.000Z', '3.386', '3.392', '3.384', '3.389', '21916.9511'], 'instrument_id': 'EOS-USDT'}]} [MyMACD.py:295]
2019-10-30 08:43:22,063- INFO - {'table': 'spot/candle1800s', 'data': [{'candle': ['2019-10-30T00:30:00.000Z', '9395.7', '9405', '9383.6', '9390.4', '171.29928861'], 'instrument_id': 'BTC-USDT'}]} [MyMACD.py:295]
2019-10-30 08:43:22,335- INFO - {'table': 'spot/candle1800s', 'data': [{'candle': ['2019-10-30T00:30:00.000Z', '287.13', '288.25', '287.05', '287.44', '715.0866'], 'instrument_id': 'BCH-USDT'}]} [MyMACD.py:295]
2019-10-30 08:43:24,254- INFO - {'table': 'spot/candle1800s', 'data': [{'candle': ['2019-10-30T00:30:00.000Z', '190.13', '190.39', '189.85', '190.16', '2370.378451'], 'instrument_id': 'ETH-USDT'}]} [MyMACD.py:295]
2019-10-30 08:43:27,772- INFO - {'table': 'spot/candle1800s', 'data': [{'candle': ['2019-10-30T00:30:00.000Z', '190.13', '190.39', '189.85', '190.16', '2383.321683'], 'instrument_id': 'ETH-USDT'}]} [MyMACD.py:295]
2019-10-30 08:43:28,468- INFO - {'table': 'spot/candle1800s', 'data': [{'candle': ['2019-10-30T00:30:00.000Z', '3.386', '3.392', '3.384', '3.389', '22187.1589'], 'instrument_id': 'EOS-USDT'}]} [MyMACD.py:295]
2019-10-30 08:43:29,083- INFO - {'table': 'spot/candle1800s', 'data': [{'candle': ['2019-10-30T00:30:00.000Z', '9395.7', '9405', '9383.6', '9390.4', '171.36278861'], 'instrument_id': 'BTC-USDT'}]} [MyMACD.py:295]
2019-10-30 08:43:31,293- INFO - {'table': 'spot/candle1800s', 'data': [{'candle': ['2019-10-30T00:30:00.000Z', '190.13', '190.39', '189.85', '190.16', '2383.32279'], 'instrument_id': 'ETH-USDT'}]} [MyMACD.py:295]
2019-10-30 08:43:32,605- INFO - {'table': 'spot/candle1800s', 'data': [{'candle': ['2019-10-30T00:30:00.000Z', '9395.7', '9405', '9383.6', '9390.5', '171.50383541'], 'instrument_id': 'BTC-USDT'}]} [MyMACD.py:295]
2019-10-30 08:43:34,813- INFO - {'table': 'spot/candle1800s', 'data': [{'candle': ['2019-10-30T00:30:00.000Z', '190.13', '190.39', '189.85', '190.16', '2383.336396'], 'instrument_id': 'ETH-USDT'}]} [MyMACD.py:295]
2019-10-30 08:43:36,133- INFO - {'table': 'spot/candle1800s', 'data': [{'candle': ['2019-10-30T00:30:00.000Z', '9395.7', '9405', '9383.6', '9390.4', '171.50491023'], 'instrument_id': 'BTC-USDT'}]} [MyMACD.py:295]
2019-10-30 08:43:36,346- INFO - {'table': 'spot/candle1800s', 'data': [{'candle': ['2019-10-30T00:30:00.000Z', '287.13', '288.25', '287.05', '287.43', '715.1366'], 'instrument_id': 'BCH-USDT'}]} [MyMACD.py:295]
2019-10-30 08:43:39,058- INFO - {'table': 'spot/candle1800s', 'data': [{'candle': ['2019-10-30T00:30:00.000Z', '3.386', '3.392', '3.384', '3.389', '22193.5589'], 'instrument_id': 'EOS-USDT'}]} [MyMACD.py:295]
2019-10-30 08:43:39,648- INFO - {'table': 'spot/candle1800s', 'data': [{'candle': ['2019-10-30T00:30:00.000Z', '9395.7', '9405', '9383.6', '9390.5', '171.61140083'], 'instrument_id': 'BTC-USDT'}]} [MyMACD.py:295]
2019-10-30 08:43:41,841- INFO - {'table': 'spot/candle1800s', 'data': [{'candle': ['2019-10-30T00:30:00.000Z', '190.13', '190.39', '189.85', '190.16', '2383.350138'], 'instrument_id': 'ETH-USDT'}]} [MyMACD.py:295]
2019-10-30 08:43:42,579- INFO - {'table': 'spot/candle1800s', 'data': [{'candle': ['2019-10-30T00:30:00.000Z', '3.386', '3.392', '3.384', '3.388', '22193.6863'], 'instrument_id': 'EOS-USDT'}]} [MyMACD.py:295]
2019-10-30 08:43:43,366- INFO - {'table': 'spot/candle1800s', 'data': [{'candle': ['2019-10-30T00:30:00.000Z', '287.13', '288.25', '287.05', '287.43', '715.1959'], 'instrument_id': 'BCH-USDT'}]} [MyMACD.py:295]
2019-10-30 08:43:45,353- INFO - {'table': 'spot/candle1800s', 'data': [{'candle': ['2019-10-30T00:30:00.000Z', '190.13', '190.39', '189.85', '190.16', '2383.363895'], 'instrument_id': 'ETH-USDT'}]} [MyMACD.py:295]
2019-10-30 08:43:48,879- INFO - {'table': 'spot/candle1800s', 'data': [{'candle': ['2019-10-30T00:30:00.000Z', '190.13', '190.39', '189.85', '190.16', '2383.424732'], 'instrument_id': 'ETH-USDT'}]} [MyMACD.py:295]
2019-10-30 08:43:49,601- INFO - {'table': 'spot/candle1800s', 'data': [{'candle': ['2019-10-30T00:30:00.000Z', '3.386', '3.392', '3.384', '3.388', '22195.0442'], 'instrument_id': 'EOS-USDT'}]} [MyMACD.py:295]
2019-10-30 08:43:50,385- INFO - {'table': 'spot/candle1800s', 'data': [{'candle': ['2019-10-30T00:30:00.000Z', '287.13', '288.25', '287.05', '287.37', '719.1427'], 'instrument_id': 'BCH-USDT'}]} [MyMACD.py:295]
2019-10-30 08:43:53,148- INFO - {'table': 'spot/candle1800s', 'data': [{'candle': ['2019-10-30T00:30:00.000Z', '3.386', '3.392', '3.384', '3.388', '22200.9491'], 'instrument_id': 'EOS-USDT'}]} [MyMACD.py:295]
2019-10-30 08:43:53,669- INFO - {'table': 'spot/candle1800s', 'data': [{'candle': ['2019-10-30T00:30:00.000Z', '9395.7', '9405', '9383.6', '9390.5', '171.71786422'], 'instrument_id': 'BTC-USDT'}]} [MyMACD.py:295]
2019-10-30 08:43:55,899- INFO - {'table': 'spot/candle1800s', 'data': [{'candle': ['2019-10-30T00:30:00.000Z', '190.13', '190.39', '189.85', '190.16', '2389.454414'], 'instrument_id': 'ETH-USDT'}]} [MyMACD.py:295]
2019-10-30 08:43:57,188- INFO - {'table': 'spot/candle1800s', 'data': [{'candle': ['2019-10-30T00:30:00.000Z', '9395.7', '9405', '9383.6', '9390.5', '171.74481988'], 'instrument_id': 'BTC-USDT'}]} [MyMACD.py:295]
2019-10-30 08:43:59,467- INFO - {'table': 'spot/candle1800s', 'data': [{'candle': ['2019-10-30T00:30:00.000Z', '190.13', '190.39', '189.85', '190.16', '2389.46866'], 'instrument_id': 'ETH-USDT'}]} [MyMACD.py:295]
2019-10-30 08:44:00,172- INFO - {'table': 'spot/candle1800s', 'data': [{'candle': ['2019-10-30T00:30:00.000Z', '3.386', '3.392', '3.384', '3.388', '22202.4026'], 'instrument_id': 'EOS-USDT'}]} [MyMACD.py:295]
2019-10-30 08:44:00,903- INFO - {'table': 'spot/candle1800s', 'data': [{'candle': ['2019-10-30T00:30:00.000Z', '287.13', '288.25', '287.05', '287.38', '719.2555'], 'instrument_id': 'BCH-USDT'}]} [MyMACD.py:295]
2019-10-30 08:44:02,977- INFO - {'table': 'spot/candle1800s', 'data': [{'candle': ['2019-10-30T00:30:00.000Z', '190.13', '190.39', '189.85', '190.15', '2391.070575'], 'instrument_id': 'ETH-USDT'}]} [MyMACD.py:295]
2019-10-30 08:44:04,210- INFO - {'table': 'spot/candle1800s', 'data': [{'candle': ['2019-10-30T00:30:00.000Z', '9395.7', '9405', '9383.6', '9390.5', '171.92191458'], 'instrument_id': 'BTC-USDT'}]} [MyMACD.py:295]
2019-10-30 08:44:04,423- INFO - {'table': 'spot/candle1800s', 'data': [{'candle': ['2019-10-30T00:30:00.000Z', '287.13', '288.25', '287.05', '287.38', '719.2901'], 'instrument_id': 'BCH-USDT'}]} [MyMACD.py:295]
2019-10-30 08:44:06,499- INFO - {'table': 'spot/candle1800s', 'data': [{'candle': ['2019-10-30T00:30:00.000Z', '190.13', '190.39', '189.85', '190.16', '2393.718137'], 'instrument_id': 'ETH-USDT'}]} [MyMACD.py:295]
2019-10-30 08:44:07,195- INFO - {'table': 'spot/candle1800s', 'data': [{'candle': ['2019-10-30T00:30:00.000Z', '3.386', '3.392', '3.384', '3.388', '22203.7373'], 'instrument_id': 'EOS-USDT'}]} [MyMACD.py:295]
2019-10-30 08:44:07,728- INFO - {'table': 'spot/candle1800s', 'data': [{'candle': ['2019-10-30T00:30:00.000Z', '9395.7', '9405', '9383.6', '9390.5', '171.92399095'], 'instrument_id': 'BTC-USDT'}]} [MyMACD.py:295]
2019-10-30 08:44:07,938- INFO - {'table': 'spot/candle1800s', 'data': [{'candle': ['2019-10-30T00:30:00.000Z', '287.13', '288.25', '287.05', '287.38', '719.3258'], 'instrument_id': 'BCH-USDT'}]} [MyMACD.py:295]
2019-10-30 08:44:09,718- DEBUG - send: b'\x88\x82\xf9R@\x02\xfa\xba' [_logging.py:74]
2019-10-30 08:44:09,764- INFO - Connection closed …… [MyMACD.py:314]
