2019-10-29 16:36:37,434- INFO - 78e83f11-0fc6-41ba-bb60-8c9042dae10f,9F9E3F62F577C6C34FD73540044C4B15,857824 [MyMACD.py:249]
2019-10-29 16:36:37,434- INFO - key-1c7411a7ddb9c76d0c739636a715e5f8 [MyMACD.py:252]
2019-10-29 16:36:37,434- INFO - ['futures/ticker:BTC-USD-191127', 'futures/ticker:ETH-USD-191127', 'futures/ticker:EOS-USD-191127', 'futures/ticker:LTC-USD-191127'] [MyMACD.py:257]
2019-10-29 16:36:37,435- INFO - 17005486688 [MyMACD.py:259]
2019-10-29 16:36:37,435- INFO - pair1: BTC-USD-191127 10400.0 10200.0 [MyMACD.py:264]
2019-10-29 16:36:37,435- INFO - pair2: ETH-USD-191127 310.0 288.0 [MyMACD.py:270]
2019-10-29 16:36:37,435- INFO - pair3: EOS-USD-191127 7.05 5.98 [MyMACD.py:276]
2019-10-29 16:36:37,435- INFO - pair4: LTC-USD-191127 130.0 120.0 [MyMACD.py:283]
2019-10-29 16:36:37,564- DEBUG - --- request header --- [_logging.py:55]
2019-10-29 16:36:37,564- DEBUG - GET /ws/v3 HTTP/1.1
Upgrade: websocket
Connection: Upgrade
Host: real.okex.com:10442
Origin: http://real.okex.com:10442
Sec-WebSocket-Key: EtZDNLgBUYb+RrqvIlE/wQ==
Sec-WebSocket-Version: 13

 [_logging.py:56]
2019-10-29 16:36:37,564- DEBUG - ----------------------- [_logging.py:57]
2019-10-29 16:36:37,564- DEBUG - --- response header --- [_logging.py:74]
2019-10-29 16:36:37,605- DEBUG - HTTP/1.1 101 Switching Protocols [_logging.py:74]
2019-10-29 16:36:37,605- DEBUG - Server: nginx [_logging.py:74]
2019-10-29 16:36:37,606- DEBUG - Date: Tue, 29 Oct 2019 08:36:37 GMT [_logging.py:74]
2019-10-29 16:36:37,606- DEBUG - Connection: upgrade [_logging.py:74]
2019-10-29 16:36:37,606- DEBUG - upgrade: websocket [_logging.py:74]
2019-10-29 16:36:37,606- DEBUG - sec-websocket-accept: +ts1cn5qEGKqBqhD6m2REs59hys= [_logging.py:74]
2019-10-29 16:36:37,606- DEBUG - ----------------------- [_logging.py:74]
2019-10-29 16:36:37,607- DEBUG - send: b"\x81\xfe\x00\x89K\x8a\xc3\x940\xa8\xac\xe4i\xb0\xe3\xb6'\xe5\xa4\xfd%\xa8\xef\xb4i\xeb\xb1\xf38\xa8\xf9\xb4\x10\xa8\xf4\xac.\xb2\xf0\xf2z\xbb\xee\xa4-\xe9\xf5\xb9\x7f\xbb\xa1\xf5f\xe8\xa1\xa2{\xa7\xfb\xf7r\xba\xf7\xa6/\xeb\xa6\xa5{\xec\xe1\xb8k\xa8\xfb\xa1|\xb2\xf1\xa0i\xa6\xe3\xb6z\xbf\xf4\xa6x\xb9\xfb\xa5r\xb2\xe1\xb8k\xa8\xa7\xfb\x00\xde\x97\xcc9\xa1\xb0\xce2\xfc\xf4\xd3=\xe2\xaf\xc6x\xc5\x9a\xf7-\xfb\xf6\xee:\xc8\xb6\xbf(\xe6\x86\xfer\xe7\xf1\xf0x\xe9\xf1\xa1\x7f\xb7\xe1\xc96" [_logging.py:74]
2019-10-29 16:36:39,610- DEBUG - send: b"\x81\xfe\x00\x91\xcb2D\x8b\xb0\x10+\xfb\xe9\x08d\xa9\xb8G&\xf8\xa8@-\xe9\xae\x10h\xab\xe9S6\xec\xb8\x10~\xab\x90\x107\xfb\xa4Fk\xe8\xaa\\ \xe7\xae\x03|\xbb\xfbA~\xc9\x9fqi\xde\x98v\x10\xa9\xe7\x12f\xf8\xbb]0\xa4\xa8S*\xef\xa7Wu\xb3\xfb\x027\xb1\x89q\x0c\xa6\x9ea\x00\xdf\xe9\x1ed\xa9\xb8B+\xff\xe4Q%\xe5\xaf^!\xba\xf3\x02t\xf8\xf1w\x10\xc3\xe6g\x17\xcf\x9f\x10h\xab\xe9A4\xe4\xbf\x1d'\xea\xa5V(\xee\xfa\nt\xbb\xb8\x08\x01\xc4\x98\x1f\x11\xd8\x8fff\xd6\xb6" [_logging.py:74]
2019-10-29 16:36:39,610- INFO - {'event': 'login', 'success': True} [MyMACD.py:295]
2019-10-29 16:36:39,653- INFO - {'event': 'subscribe', 'channel': 'spot/candle1800s:BTC-USDT'} [MyMACD.py:295]
2019-10-29 16:36:39,653- INFO - {'event': 'subscribe', 'channel': 'spot/candle1800s:BCH-USDT'} [MyMACD.py:295]
2019-10-29 16:36:39,654- INFO - {'event': 'subscribe', 'channel': 'spot/candle1800s:ETH-USDT'} [MyMACD.py:295]
2019-10-29 16:36:39,654- INFO - {'event': 'subscribe', 'channel': 'spot/candle1800s:EOS-USDT'} [MyMACD.py:295]


2019-10-29 16:36:39,655- INFO - {'table': 'spot/candle1800s', 'data': [{'candle': ['2019-10-29T08:30:00.000Z', '9414.7', '9414.7', '9388.4', '9407.4', '99.41001661'], 'instrument_id': 'BTC-USDT'}]} [MyMACD.py:295]
2019-10-29 16:36:40,071- INFO - {'table': 'spot/candle1800s', 'data': [{'candle': ['2019-10-29T08:30:00.000Z', '9414.7', '9414.7', '9388.4', '9408.1', '101.34041447'], 'instrument_id': 'BTC-USDT'}]} [MyMACD.py:295]
2019-10-29 16:36:43,591- INFO - {'table': 'spot/candle1800s', 'data': [{'candle': ['2019-10-29T08:30:00.000Z', '9414.7', '9414.7', '9388.4', '9408.1', '102.31334364'], 'instrument_id': 'BTC-USDT'}]} [MyMACD.py:295]
2019-10-29 16:36:54,169- INFO - {'table': 'spot/candle1800s', 'data': [{'candle': ['2019-10-29T08:30:00.000Z', '9414.7', '9414.7', '9388.4', '9411.6', '103.41362855'], 'instrument_id': 'BTC-USDT'}]} [MyMACD.py:295]
2019-10-29 16:36:47,118- INFO - {'table': 'spot/candle1800s', 'data': [{'candle': ['2019-10-29T08:30:00.000Z', '9414.7', '9414.7', '9388.4', '9408.9', '102.45091329'], 'instrument_id': 'BTC-USDT'}]} [MyMACD.py:295]
2019-10-29 16:36:50,640- INFO - {'table': 'spot/candle1800s', 'data': [{'candle': ['2019-10-29T08:30:00.000Z', '9414.7', '9414.7', '9388.4', '9409.2', '103.24267594'], 'instrument_id': 'BTC-USDT'}]} [MyMACD.py:295]


2019-10-29 16:36:39,655- INFO - {'table': 'spot/candle1800s', 'data': [{'candle': ['2019-10-29T08:30:00.000Z', '185.65', '185.8', '185.32', '185.46', '1327.320324'], 'instrument_id': 'ETH-USDT'}]} [MyMACD.py:295]
2019-10-29 16:36:39,655- INFO - {'table': 'spot/candle1800s', 'data': [{'candle': ['2019-10-29T08:30:00.000Z', '285.25', '287.05', '284.65', '286.49', '2532.9212'], 'instrument_id': 'BCH-USDT'}]} [MyMACD.py:295]
2019-10-29 16:36:39,656- INFO - {'table': 'spot/candle1800s', 'data': [{'candle': ['2019-10-29T08:30:00.000Z', '3.391', '3.392', '3.375', '3.386', '80172.0249'], 'instrument_id': 'EOS-USDT'}]} [MyMACD.py:295]
2019-10-29 16:36:39,670- INFO - {'table': 'spot/candle1800s', 'data': [{'candle': ['2019-10-29T08:30:00.000Z', '285.25', '287.05', '284.65', '286.32', '2533.4144'], 'instrument_id': 'BCH-USDT'}]} [MyMACD.py:295]
2019-10-29 16:36:39,728- INFO - {'table': 'spot/candle1800s', 'data': [{'candle': ['2019-10-29T08:30:00.000Z', '185.65', '185.8', '185.32', '185.52', '1334.890324'], 'instrument_id': 'ETH-USDT'}]} [MyMACD.py:295]
2019-10-29 16:36:43,196- INFO - {'table': 'spot/candle1800s', 'data': [{'candle': ['2019-10-29T08:30:00.000Z', '285.25', '287.05', '284.65', '286.38', '2534.4659'], 'instrument_id': 'BCH-USDT'}]} [MyMACD.py:295]
2019-10-29 16:36:43,248- INFO - {'table': 'spot/candle1800s', 'data': [{'candle': ['2019-10-29T08:30:00.000Z', '185.65', '185.8', '185.32', '185.45', '1334.897371'], 'instrument_id': 'ETH-USDT'}]} [MyMACD.py:295]
2019-10-29 16:37:01,194- INFO - {'table': 'spot/candle1800s', 'data': [{'candle': ['2019-10-29T08:30:00.000Z', '9414.7', '9414.7', '9388.4', '9411.5', '103.42768382'], 'instrument_id': 'BTC-USDT'}]} [MyMACD.py:295]


2019-10-29 16:36:44,878- INFO - {'table': 'spot/candle1800s', 'data': [{'candle': ['2019-10-29T08:30:00.000Z', '3.391', '3.392', '3.375', '3.387', '80290.8932'], 'instrument_id': 'EOS-USDT'}]} [MyMACD.py:295]
2019-10-29 16:36:46,768- INFO - {'table': 'spot/candle1800s', 'data': [{'candle': ['2019-10-29T08:30:00.000Z', '185.65', '185.8', '185.32', '185.46', '1336.730206'], 'instrument_id': 'ETH-USDT'}]} [MyMACD.py:295]
2019-10-29 16:36:53,709- INFO - {'table': 'spot/candle1800s', 'data': [{'candle': ['2019-10-29T08:30:00.000Z', '285.25', '287.05', '284.65', '286.4', '2535.3584'], 'instrument_id': 'BCH-USDT'}]} [MyMACD.py:295]
2019-10-29 16:36:57,246- INFO - {'table': 'spot/candle1800s', 'data': [{'candle': ['2019-10-29T08:30:00.000Z', '285.25', '287.2', '284.65', '287.1', '2660.4518'], 'instrument_id': 'BCH-USDT'}]} [MyMACD.py:295]
2019-10-29 16:36:57,289- INFO - {'table': 'spot/candle1800s', 'data': [{'candle': ['2019-10-29T08:30:00.000Z', '185.65', '185.8', '185.32', '185.51', '1336.779418'], 'instrument_id': 'ETH-USDT'}]} [MyMACD.py:295]
2019-10-29 16:37:00,746- INFO - {'table': 'spot/candle1800s', 'data': [{'candle': ['2019-10-29T08:30:00.000Z', '285.25', '287.2', '284.65', '287.12', '2660.6849'], 'instrument_id': 'BCH-USDT'}]} [MyMACD.py:295]
2019-10-29 16:37:00,820- INFO - {'table': 'spot/candle1800s', 'data': [{'candle': ['2019-10-29T08:30:00.000Z', '185.65', '185.8', '185.32', '185.51', '1337.299418'], 'instrument_id': 'ETH-USDT'}]} [MyMACD.py:295]
2019-10-29 16:37:02,398- INFO - {'table': 'spot/candle1800s', 'data': [{'candle': ['2019-10-29T08:30:00.000Z', '3.391', '3.392', '3.375', '3.389', '80393.5256'], 'instrument_id': 'EOS-USDT'}]} [MyMACD.py:295]
2019-10-29 16:37:04,291- INFO - {'table': 'spot/candle1800s', 'data': [{'candle': ['2019-10-29T08:30:00.000Z', '285.25', '287.33', '284.65', '287.33', '2666.367'], 'instrument_id': 'BCH-USDT'}]} [MyMACD.py:295]
2019-10-29 16:37:04,332- INFO - {'table': 'spot/candle1800s', 'data': [{'candle': ['2019-10-29T08:30:00.000Z', '185.65', '185.8', '185.32', '185.59', '1337.359323'], 'instrument_id': 'ETH-USDT'}]} [MyMACD.py:295]
2019-10-29 16:37:04,710- INFO - {'table': 'spot/candle1800s', 'data': [{'candle': ['2019-10-29T08:30:00.000Z', '9414.7', '9414.7', '9388.4', '9412.9', '103.45939548'], 'instrument_id': 'BTC-USDT'}]} [MyMACD.py:295]
2019-10-29 16:37:05,920- INFO - {'table': 'spot/candle1800s', 'data': [{'candle': ['2019-10-29T08:30:00.000Z', '3.391', '3.392', '3.375', '3.389', '80393.5256'], 'instrument_id': 'EOS-USDT'}]} [MyMACD.py:295]
2019-10-29 16:37:07,792- INFO - {'table': 'spot/candle1800s', 'data': [{'candle': ['2019-10-29T08:30:00.000Z', '285.25', '287.37', '284.65', '287.27', '2706.058'], 'instrument_id': 'BCH-USDT'}]} [MyMACD.py:295]
2019-10-29 16:37:07,890- INFO - {'table': 'spot/candle1800s', 'data': [{'candle': ['2019-10-29T08:30:00.000Z', '185.65', '185.8', '185.32', '185.59', '1337.359323'], 'instrument_id': 'ETH-USDT'}]} [MyMACD.py:295]
2019-10-29 16:37:08,227- INFO - {'table': 'spot/candle1800s', 'data': [{'candle': ['2019-10-29T08:30:00.000Z', '9414.7', '9414.7', '9388.4', '9412.7', '103.48029154'], 'instrument_id': 'BTC-USDT'}]} [MyMACD.py:295]
2019-10-29 16:37:09,447- INFO - {'table': 'spot/candle1800s', 'data': [{'candle': ['2019-10-29T08:30:00.000Z', '3.391', '3.392', '3.375', '3.392', '80818.7451'], 'instrument_id': 'EOS-USDT'}]} [MyMACD.py:295]
2019-10-29 16:37:11,306- INFO - {'table': 'spot/candle1800s', 'data': [{'candle': ['2019-10-29T08:30:00.000Z', '285.25', '287.5', '284.65', '287.39', '2706.666'], 'instrument_id': 'BCH-USDT'}]} [MyMACD.py:295]
2019-10-29 16:37:11,373- INFO - {'table': 'spot/candle1800s', 'data': [{'candle': ['2019-10-29T08:30:00.000Z', '185.65', '185.8', '185.32', '185.59', '1365.698065'], 'instrument_id': 'ETH-USDT'}]} [MyMACD.py:295]
2019-10-29 16:37:11,748- INFO - {'table': 'spot/candle1800s', 'data': [{'candle': ['2019-10-29T08:30:00.000Z', '9414.7', '9414.7', '9388.4', '9412.9', '103.48865586'], 'instrument_id': 'BTC-USDT'}]} [MyMACD.py:295]
2019-10-29 16:37:12,969- INFO - {'table': 'spot/candle1800s', 'data': [{'candle': ['2019-10-29T08:30:00.000Z', '3.391', '3.394', '3.375', '3.394', '81126.5877'], 'instrument_id': 'EOS-USDT'}]} [MyMACD.py:295]
2019-10-29 16:37:14,826- INFO - {'table': 'spot/candle1800s', 'data': [{'candle': ['2019-10-29T08:30:00.000Z', '285.25', '287.51', '284.65', '287.51', '2707.1181'], 'instrument_id': 'BCH-USDT'}]} [MyMACD.py:295]
2019-10-29 16:37:14,894- INFO - {'table': 'spot/candle1800s', 'data': [{'candle': ['2019-10-29T08:30:00.000Z', '185.65', '185.8', '185.32', '185.6', '1367.212065'], 'instrument_id': 'ETH-USDT'}]} [MyMACD.py:295]
2019-10-29 16:37:15,269- INFO - {'table': 'spot/candle1800s', 'data': [{'candle': ['2019-10-29T08:30:00.000Z', '9414.7', '9414.7', '9388.4', '9412.9', '103.55212401'], 'instrument_id': 'BTC-USDT'}]} [MyMACD.py:295]
2019-10-29 16:37:16,492- INFO - {'table': 'spot/candle1800s', 'data': [{'candle': ['2019-10-29T08:30:00.000Z', '3.391', '3.394', '3.375', '3.393', '81132.1877'], 'instrument_id': 'EOS-USDT'}]} [MyMACD.py:295]
2019-10-29 16:37:18,347- INFO - {'table': 'spot/candle1800s', 'data': [{'candle': ['2019-10-29T08:30:00.000Z', '285.25', '287.51', '284.65', '287.5', '2746.3703'], 'instrument_id': 'BCH-USDT'}]} [MyMACD.py:295]
2019-10-29 16:37:18,414- INFO - {'table': 'spot/candle1800s', 'data': [{'candle': ['2019-10-29T08:30:00.000Z', '185.65', '185.8', '185.32', '185.6', '1368.726065'], 'instrument_id': 'ETH-USDT'}]} [MyMACD.py:295]
2019-10-29 16:37:21,887- INFO - {'table': 'spot/candle1800s', 'data': [{'candle': ['2019-10-29T08:30:00.000Z', '285.25', '287.51', '284.65', '287.31', '2752.4863'], 'instrument_id': 'BCH-USDT'}]} [MyMACD.py:295]
2019-10-29 16:37:21,941- INFO - {'table': 'spot/candle1800s', 'data': [{'candle': ['2019-10-29T08:30:00.000Z', '185.65', '185.8', '185.32', '185.6', '1370.804773'], 'instrument_id': 'ETH-USDT'}]} [MyMACD.py:295]
2019-10-29 16:37:22,303- INFO - {'table': 'spot/candle1800s', 'data': [{'candle': ['2019-10-29T08:30:00.000Z', '9414.7', '9414.7', '9388.4', '9414.1', '103.64766926'], 'instrument_id': 'BTC-USDT'}]} [MyMACD.py:295]
2019-10-29 16:37:25,403- INFO - {'table': 'spot/candle1800s', 'data': [{'candle': ['2019-10-29T08:30:00.000Z', '285.25', '287.51', '284.65', '287.04', '2755.4422'], 'instrument_id': 'BCH-USDT'}]} [MyMACD.py:295]
2019-10-29 16:37:25,482- INFO - {'table': 'spot/candle1800s', 'data': [{'candle': ['2019-10-29T08:30:00.000Z', '185.65', '185.8', '185.32', '185.6', '1372.554773'], 'instrument_id': 'ETH-USDT'}]} [MyMACD.py:295]
2019-10-29 16:37:25,809- INFO - {'table': 'spot/candle1800s', 'data': [{'candle': ['2019-10-29T08:30:00.000Z', '9414.7', '9414.7', '9388.4', '9414.3', '104.17053463'], 'instrument_id': 'BTC-USDT'}]} [MyMACD.py:295]
2019-10-29 16:37:27,036- INFO - {'table': 'spot/candle1800s', 'data': [{'candle': ['2019-10-29T08:30:00.000Z', '3.391', '3.394', '3.375', '3.393', '81198.9144'], 'instrument_id': 'EOS-USDT'}]} [MyMACD.py:295]
2019-10-29 16:37:28,912- INFO - {'table': 'spot/candle1800s', 'data': [{'candle': ['2019-10-29T08:30:00.000Z', '285.25', '287.51', '284.65', '286.76', '2812.2419'], 'instrument_id': 'BCH-USDT'}]} [MyMACD.py:295]
2019-10-29 16:37:29,350- INFO - {'table': 'spot/candle1800s', 'data': [{'candle': ['2019-10-29T08:30:00.000Z', '9414.7', '9414.7', '9388.4', '9414.2', '104.3713031'], 'instrument_id': 'BTC-USDT'}]} [MyMACD.py:295]
2019-10-29 16:37:30,535- INFO - {'table': 'spot/candle1800s', 'data': [{'candle': ['2019-10-29T08:30:00.000Z', '3.391', '3.394', '3.375', '3.392', '82945.0999'], 'instrument_id': 'EOS-USDT'}]} [MyMACD.py:295]
2019-10-29 16:37:32,439- INFO - {'table': 'spot/candle1800s', 'data': [{'candle': ['2019-10-29T08:30:00.000Z', '285.25', '287.51', '284.65', '286.51', '2899.4594'], 'instrument_id': 'BCH-USDT'}]} [MyMACD.py:295]
2019-10-29 16:37:32,482- INFO - {'table': 'spot/candle1800s', 'data': [{'candle': ['2019-10-29T08:30:00.000Z', '185.65', '185.8', '185.32', '185.56', '1373.253595'], 'instrument_id': 'ETH-USDT'}]} [MyMACD.py:295]
2019-10-29 16:37:32,855- INFO - {'table': 'spot/candle1800s', 'data': [{'candle': ['2019-10-29T08:30:00.000Z', '9414.7', '9414.7', '9388.4', '9413.1', '105.10253681'], 'instrument_id': 'BTC-USDT'}]} [MyMACD.py:295]
2019-10-29 16:37:34,055- INFO - {'table': 'spot/candle1800s', 'data': [{'candle': ['2019-10-29T08:30:00.000Z', '3.391', '3.394', '3.375', '3.392', '82994.4147'], 'instrument_id': 'EOS-USDT'}]} [MyMACD.py:295]
2019-10-29 16:37:35,955- INFO - {'table': 'spot/candle1800s', 'data': [{'candle': ['2019-10-29T08:30:00.000Z', '285.25', '287.51', '284.65', '286.83', '2919.0587'], 'instrument_id': 'BCH-USDT'}]} [MyMACD.py:295]
2019-10-29 16:37:36,003- INFO - {'table': 'spot/candle1800s', 'data': [{'candle': ['2019-10-29T08:30:00.000Z', '185.65', '185.8', '185.32', '185.53', '1425.967239'], 'instrument_id': 'ETH-USDT'}]} [MyMACD.py:295]
2019-10-29 16:37:36,367- INFO - {'table': 'spot/candle1800s', 'data': [{'candle': ['2019-10-29T08:30:00.000Z', '9414.7', '9414.7', '9388.4', '9412.7', '105.42230704'], 'instrument_id': 'BTC-USDT'}]} [MyMACD.py:295]
2019-10-29 16:37:37,617- INFO - {'table': 'spot/candle1800s', 'data': [{'candle': ['2019-10-29T08:30:00.000Z', '3.391', '3.394', '3.375', '3.391', '83532.2101'], 'instrument_id': 'EOS-USDT'}]} [MyMACD.py:295]
2019-10-29 16:37:39,538- INFO - {'table': 'spot/candle1800s', 'data': [{'candle': ['2019-10-29T08:30:00.000Z', '185.65', '185.8', '185.32', '185.53', '1426.105558'], 'instrument_id': 'ETH-USDT'}]} [MyMACD.py:295]
2019-10-29 16:37:42,975- INFO - {'table': 'spot/candle1800s', 'data': [{'candle': ['2019-10-29T08:30:00.000Z', '285.25', '287.51', '284.65', '286.79', '2922.491'], 'instrument_id': 'BCH-USDT'}]} [MyMACD.py:295]
2019-10-29 16:37:43,044- INFO - {'table': 'spot/candle1800s', 'data': [{'candle': ['2019-10-29T08:30:00.000Z', '185.65', '185.8', '185.32', '185.56', '1426.78036'], 'instrument_id': 'ETH-USDT'}]} [MyMACD.py:295]
2019-10-29 16:37:43,405- INFO - {'table': 'spot/candle1800s', 'data': [{'candle': ['2019-10-29T08:30:00.000Z', '9414.7', '9414.7', '9388.4', '9412.8', '105.43094704'], 'instrument_id': 'BTC-USDT'}]} [MyMACD.py:295]
2019-10-29 16:37:44,640- INFO - {'table': 'spot/candle1800s', 'data': [{'candle': ['2019-10-29T08:30:00.000Z', '3.391', '3.394', '3.375', '3.392', '83784.3664'], 'instrument_id': 'EOS-USDT'}]} [MyMACD.py:295]
2019-10-29 16:37:46,500- INFO - {'table': 'spot/candle1800s', 'data': [{'candle': ['2019-10-29T08:30:00.000Z', '285.25', '287.51', '284.65', '286.89', '2932.0141'], 'instrument_id': 'BCH-USDT'}]} [MyMACD.py:295]
2019-10-29 16:37:46,911- INFO - {'table': 'spot/candle1800s', 'data': [{'candle': ['2019-10-29T08:30:00.000Z', '9414.7', '9414.7', '9388.4', '9412.7', '105.44975299'], 'instrument_id': 'BTC-USDT'}]} [MyMACD.py:295]
2019-10-29 16:37:48,161- INFO - {'table': 'spot/candle1800s', 'data': [{'candle': ['2019-10-29T08:30:00.000Z', '3.391', '3.394', '3.375', '3.394', '91279.0935'], 'instrument_id': 'EOS-USDT'}]} [MyMACD.py:295]
2019-10-29 16:37:50,021- INFO - {'table': 'spot/candle1800s', 'data': [{'candle': ['2019-10-29T08:30:00.000Z', '285.25', '287.51', '284.65', '286.91', '2935.5843'], 'instrument_id': 'BCH-USDT'}]} [MyMACD.py:295]
2019-10-29 16:37:50,431- INFO - {'table': 'spot/candle1800s', 'data': [{'candle': ['2019-10-29T08:30:00.000Z', '9414.7', '9414.7', '9388.4', '9414.1', '105.47260506'], 'instrument_id': 'BTC-USDT'}]} [MyMACD.py:295]
2019-10-29 16:37:53,547- INFO - {'table': 'spot/candle1800s', 'data': [{'candle': ['2019-10-29T08:30:00.000Z', '285.25', '287.51', '284.65', '287.05', '2936.2119'], 'instrument_id': 'BCH-USDT'}]} [MyMACD.py:295]
2019-10-29 16:37:55,383- INFO - {'table': 'spot/candle1800s', 'data': [{'candle': ['2019-10-29T08:30:00.000Z', '3.391', '3.394', '3.375', '3.393', '91562.0883'], 'instrument_id': 'EOS-USDT'}]} [MyMACD.py:295]
2019-10-29 16:37:57,090- INFO - {'table': 'spot/candle1800s', 'data': [{'candle': ['2019-10-29T08:30:00.000Z', '185.65', '185.8', '185.32', '185.61', '1426.980649'], 'instrument_id': 'ETH-USDT'}]} [MyMACD.py:295]
2019-10-29 16:37:57,090- INFO - {'table': 'spot/candle1800s', 'data': [{'candle': ['2019-10-29T08:30:00.000Z', '285.25', '287.51', '284.65', '286.96', '2996.5845'], 'instrument_id': 'BCH-USDT'}]} [MyMACD.py:295]
2019-10-29 16:37:57,449- INFO - {'table': 'spot/candle1800s', 'data': [{'candle': ['2019-10-29T08:30:00.000Z', '9414.7', '9420.2', '9388.4', '9420.2', '105.62963632'], 'instrument_id': 'BTC-USDT'}]} [MyMACD.py:295]
2019-10-29 16:37:58,922- INFO - {'table': 'spot/candle1800s', 'data': [{'candle': ['2019-10-29T08:30:00.000Z', '3.391', '3.394', '3.375', '3.393', '91569.0883'], 'instrument_id': 'EOS-USDT'}]} [MyMACD.py:295]
2019-10-29 16:38:00,588- INFO - {'table': 'spot/candle1800s', 'data': [{'candle': ['2019-10-29T08:30:00.000Z', '285.25', '287.51', '284.65', '287.03', '3008.2109'], 'instrument_id': 'BCH-USDT'}]} [MyMACD.py:295]
2019-10-29 16:38:00,589- INFO - {'table': 'spot/candle1800s', 'data': [{'candle': ['2019-10-29T08:30:00.000Z', '185.65', '185.8', '185.32', '185.56', '1435.551436'], 'instrument_id': 'ETH-USDT'}]} [MyMACD.py:295]
2019-10-29 16:38:04,108- INFO - {'table': 'spot/candle1800s', 'data': [{'candle': ['2019-10-29T08:30:00.000Z', '185.65', '185.8', '185.32', '185.58', '1438.540734'], 'instrument_id': 'ETH-USDT'}]} [MyMACD.py:295]
2019-10-29 16:38:04,109- INFO - {'table': 'spot/candle1800s', 'data': [{'candle': ['2019-10-29T08:30:00.000Z', '285.25', '287.51', '284.65', '287.26', '3009.1172'], 'instrument_id': 'BCH-USDT'}]} [MyMACD.py:295]
2019-10-29 16:38:04,499- INFO - {'table': 'spot/candle1800s', 'data': [{'candle': ['2019-10-29T08:30:00.000Z', '9414.7', '9420.2', '9388.4', '9420.2', '105.62963632'], 'instrument_id': 'BTC-USDT'}]} [MyMACD.py:295]
2019-10-29 16:38:05,948- INFO - {'table': 'spot/candle1800s', 'data': [{'candle': ['2019-10-29T08:30:00.000Z', '3.391', '3.394', '3.375', '3.393', '91698.0883'], 'instrument_id': 'EOS-USDT'}]} [MyMACD.py:295]
2019-10-29 16:38:07,629- INFO - {'table': 'spot/candle1800s', 'data': [{'candle': ['2019-10-29T08:30:00.000Z', '185.65', '185.8', '185.32', '185.6', '1440.761169'], 'instrument_id': 'ETH-USDT'}]} [MyMACD.py:295]
2019-10-29 16:38:08,045- INFO - {'table': 'spot/candle1800s', 'data': [{'candle': ['2019-10-29T08:30:00.000Z', '9414.7', '9420.2', '9388.4', '9416', '105.64508237'], 'instrument_id': 'BTC-USDT'}]} [MyMACD.py:295]
2019-10-29 16:38:09,493- INFO - {'table': 'spot/candle1800s', 'data': [{'candle': ['2019-10-29T08:30:00.000Z', '3.391', '3.396', '3.375', '3.395', '96494.9275'], 'instrument_id': 'EOS-USDT'}]} [MyMACD.py:295]
2019-10-29 16:38:11,146- INFO - {'table': 'spot/candle1800s', 'data': [{'candle': ['2019-10-29T08:30:00.000Z', '285.25', '287.51', '284.65', '287.05', '3010.7298'], 'instrument_id': 'BCH-USDT'}]} [MyMACD.py:295]
2019-10-29 16:38:11,157- INFO - {'table': 'spot/candle1800s', 'data': [{'candle': ['2019-10-29T08:30:00.000Z', '185.65', '185.8', '185.32', '185.64', '1440.822883'], 'instrument_id': 'ETH-USDT'}]} [MyMACD.py:295]
2019-10-29 16:38:11,549- INFO - {'table': 'spot/candle1800s', 'data': [{'candle': ['2019-10-29T08:30:00.000Z', '9414.7', '9420.2', '9388.4', '9419.5', '107.18999509'], 'instrument_id': 'BTC-USDT'}]} [MyMACD.py:295]
2019-10-29 16:38:13,012- INFO - {'table': 'spot/candle1800s', 'data': [{'candle': ['2019-10-29T08:30:00.000Z', '3.391', '3.397', '3.375', '3.397', '96668.575'], 'instrument_id': 'EOS-USDT'}]} [MyMACD.py:295]
2019-10-29 16:38:14,655- INFO - {'table': 'spot/candle1800s', 'data': [{'candle': ['2019-10-29T08:30:00.000Z', '285.25', '287.51', '284.65', '287.22', '3011.0375'], 'instrument_id': 'BCH-USDT'}]} [MyMACD.py:295]
2019-10-29 16:38:14,679- INFO - {'table': 'spot/candle1800s', 'data': [{'candle': ['2019-10-29T08:30:00.000Z', '185.65', '185.8', '185.32', '185.64', '1449.524308'], 'instrument_id': 'ETH-USDT'}]} [MyMACD.py:295]
2019-10-29 16:38:16,513- INFO - {'table': 'spot/candle1800s', 'data': [{'candle': ['2019-10-29T08:30:00.000Z', '3.391', '3.397', '3.375', '3.397', '96680.6504'], 'instrument_id': 'EOS-USDT'}]} [MyMACD.py:295]
2019-10-29 16:38:18,203- INFO - {'table': 'spot/candle1800s', 'data': [{'candle': ['2019-10-29T08:30:00.000Z', '285.25', '287.51', '284.65', '287.49', '3025.4006'], 'instrument_id': 'BCH-USDT'}]} [MyMACD.py:295]
2019-10-29 16:38:18,570- INFO - {'table': 'spot/candle1800s', 'data': [{'candle': ['2019-10-29T08:30:00.000Z', '9414.7', '9421', '9388.4', '9420.9', '107.32387025'], 'instrument_id': 'BTC-USDT'}]} [MyMACD.py:295]
2019-10-29 16:38:20,073- INFO - {'table': 'spot/candle1800s', 'data': [{'candle': ['2019-10-29T08:30:00.000Z', '3.391', '3.398', '3.375', '3.398', '96686.441'], 'instrument_id': 'EOS-USDT'}]} [MyMACD.py:295]
2019-10-29 16:38:21,684- INFO - {'table': 'spot/candle1800s', 'data': [{'candle': ['2019-10-29T08:30:00.000Z', '285.25', '287.51', '284.65', '287.32', '3025.4693'], 'instrument_id': 'BCH-USDT'}]} [MyMACD.py:295]
2019-10-29 16:38:21,696- INFO - {'table': 'spot/candle1800s', 'data': [{'candle': ['2019-10-29T08:30:00.000Z', '185.65', '185.8', '185.32', '185.79', '1462.728773'], 'instrument_id': 'ETH-USDT'}]} [MyMACD.py:295]
2019-10-29 16:38:22,094- INFO - {'table': 'spot/candle1800s', 'data': [{'candle': ['2019-10-29T08:30:00.000Z', '9414.7', '9424.3', '9388.4', '9424.3', '108.52050079'], 'instrument_id': 'BTC-USDT'}]} [MyMACD.py:295]
2019-10-29 16:38:23,555- INFO - {'table': 'spot/candle1800s', 'data': [{'candle': ['2019-10-29T08:30:00.000Z', '3.391', '3.402', '3.375', '3.402', '97176.372'], 'instrument_id': 'EOS-USDT'}]} [MyMACD.py:295]
2019-10-29 16:38:25,200- INFO - {'table': 'spot/candle1800s', 'data': [{'candle': ['2019-10-29T08:30:00.000Z', '285.25', '287.51', '284.65', '287.48', '3030.674'], 'instrument_id': 'BCH-USDT'}]} [MyMACD.py:295]
2019-10-29 16:38:25,213- INFO - {'table': 'spot/candle1800s', 'data': [{'candle': ['2019-10-29T08:30:00.000Z', '185.65', '185.8', '185.32', '185.78', '1463.663954'], 'instrument_id': 'ETH-USDT'}]} [MyMACD.py:295]
2019-10-29 16:38:25,633- INFO - {'table': 'spot/candle1800s', 'data': [{'candle': ['2019-10-29T08:30:00.000Z', '9414.7', '9426.8', '9388.4', '9426.8', '116.30200482'], 'instrument_id': 'BTC-USDT'}]} [MyMACD.py:295]
2019-10-29 16:38:27,080- INFO - {'table': 'spot/candle1800s', 'data': [{'candle': ['2019-10-29T08:30:00.000Z', '3.391', '3.403', '3.375', '3.403', '97642.7424'], 'instrument_id': 'EOS-USDT'}]} [MyMACD.py:295]
2019-10-29 16:38:28,721- INFO - {'table': 'spot/candle1800s', 'data': [{'candle': ['2019-10-29T08:30:00.000Z', '285.25', '287.51', '284.65', '287.48', '3064.8559'], 'instrument_id': 'BCH-USDT'}]} [MyMACD.py:295]
2019-10-29 16:38:28,742- INFO - {'table': 'spot/candle1800s', 'data': [{'candle': ['2019-10-29T08:30:00.000Z', '185.65', '185.88', '185.32', '185.88', '1466.890954'], 'instrument_id': 'ETH-USDT'}]} [MyMACD.py:295]
2019-10-29 16:38:29,137- INFO - {'table': 'spot/candle1800s', 'data': [{'candle': ['2019-10-29T08:30:00.000Z', '9414.7', '9430', '9388.4', '9426.7', '119.41890789'], 'instrument_id': 'BTC-USDT'}]} [MyMACD.py:295]
2019-10-29 16:38:30,597- INFO - {'table': 'spot/candle1800s', 'data': [{'candle': ['2019-10-29T08:30:00.000Z', '3.391', '3.403', '3.375', '3.401', '97760.1124'], 'instrument_id': 'EOS-USDT'}]} [MyMACD.py:295]
2019-10-29 16:38:32,236- INFO - {'table': 'spot/candle1800s', 'data': [{'candle': ['2019-10-29T08:30:00.000Z', '285.25', '287.52', '284.65', '287.52', '3065.1811'], 'instrument_id': 'BCH-USDT'}]} [MyMACD.py:295]
2019-10-29 16:38:32,673- INFO - {'table': 'spot/candle1800s', 'data': [{'candle': ['2019-10-29T08:30:00.000Z', '9414.7', '9430', '9388.4', '9421.1', '123.60876326'], 'instrument_id': 'BTC-USDT'}]} [MyMACD.py:295]
2019-10-29 16:38:34,114- INFO - {'table': 'spot/candle1800s', 'data': [{'candle': ['2019-10-29T08:30:00.000Z', '3.391', '3.403', '3.375', '3.4', '98092.6354'], 'instrument_id': 'EOS-USDT'}]} [MyMACD.py:295]
2019-10-29 16:38:35,755- INFO - {'table': 'spot/candle1800s', 'data': [{'candle': ['2019-10-29T08:30:00.000Z', '185.65', '185.88', '185.32', '185.87', '1484.188347'], 'instrument_id': 'ETH-USDT'}]} [MyMACD.py:295]
2019-10-29 16:38:36,197- INFO - {'table': 'spot/candle1800s', 'data': [{'candle': ['2019-10-29T08:30:00.000Z', '9414.7', '9430', '9388.4', '9423', '123.83976326'], 'instrument_id': 'BTC-USDT'}]} [MyMACD.py:295]
2019-10-29 16:38:37,639- INFO - {'table': 'spot/candle1800s', 'data': [{'candle': ['2019-10-29T08:30:00.000Z', '3.391', '3.403', '3.375', '3.4', '98119.1534'], 'instrument_id': 'EOS-USDT'}]} [MyMACD.py:295]
2019-10-29 16:38:39,262- INFO - {'table': 'spot/candle1800s', 'data': [{'candle': ['2019-10-29T08:30:00.000Z', '285.25', '287.52', '284.65', '287.49', '3065.2311'], 'instrument_id': 'BCH-USDT'}]} [MyMACD.py:295]
2019-10-29 16:38:39,288- INFO - {'table': 'spot/candle1800s', 'data': [{'candle': ['2019-10-29T08:30:00.000Z', '185.65', '185.88', '185.32', '185.86', '1484.199968'], 'instrument_id': 'ETH-USDT'}]} [MyMACD.py:295]
2019-10-29 16:38:39,725- INFO - {'table': 'spot/candle1800s', 'data': [{'candle': ['2019-10-29T08:30:00.000Z', '9414.7', '9430', '9388.4', '9424', '124.88495582'], 'instrument_id': 'BTC-USDT'}]} [MyMACD.py:295]
2019-10-29 16:38:43,239- INFO - {'table': 'spot/candle1800s', 'data': [{'candle': ['2019-10-29T08:30:00.000Z', '9414.7', '9430', '9388.4', '9424', '125.29644376'], 'instrument_id': 'BTC-USDT'}]} [MyMACD.py:295]
2019-10-29 16:38:44,674- INFO - {'table': 'spot/candle1800s', 'data': [{'candle': ['2019-10-29T08:30:00.000Z', '3.391', '3.403', '3.375', '3.4', '98400.7911'], 'instrument_id': 'EOS-USDT'}]} [MyMACD.py:295]
2019-10-29 16:38:46,281- INFO - {'table': 'spot/candle1800s', 'data': [{'candle': ['2019-10-29T08:30:00.000Z', '285.25', '287.52', '284.65', '287.46', '3065.2531'], 'instrument_id': 'BCH-USDT'}]} [MyMACD.py:295]
2019-10-29 16:38:46,297- INFO - {'table': 'spot/candle1800s', 'data': [{'candle': ['2019-10-29T08:30:00.000Z', '185.65', '185.94', '185.32', '185.94', '1560.788462'], 'instrument_id': 'ETH-USDT'}]} [MyMACD.py:295]
2019-10-29 16:38:46,762- INFO - {'table': 'spot/candle1800s', 'data': [{'candle': ['2019-10-29T08:30:00.000Z', '9414.7', '9430', '9388.4', '9424', '125.34537526'], 'instrument_id': 'BTC-USDT'}]} [MyMACD.py:295]
2019-10-29 16:38:49,795- INFO - {'table': 'spot/candle1800s', 'data': [{'candle': ['2019-10-29T08:30:00.000Z', '285.25', '287.52', '284.65', '287.48', '3071.4751'], 'instrument_id': 'BCH-USDT'}]} [MyMACD.py:295]
2019-10-29 16:38:49,819- INFO - {'table': 'spot/candle1800s', 'data': [{'candle': ['2019-10-29T08:30:00.000Z', '185.65', '185.94', '185.32', '185.87', '1561.946903'], 'instrument_id': 'ETH-USDT'}]} [MyMACD.py:295]
2019-10-29 16:38:50,292- INFO - {'table': 'spot/candle1800s', 'data': [{'candle': ['2019-10-29T08:30:00.000Z', '9414.7', '9430', '9388.4', '9424.9', '127.4000682'], 'instrument_id': 'BTC-USDT'}]} [MyMACD.py:295]
2019-10-29 16:38:53,357- INFO - {'table': 'spot/candle1800s', 'data': [{'candle': ['2019-10-29T08:30:00.000Z', '285.25', '287.52', '284.65', '287.48', '3101.2036'], 'instrument_id': 'BCH-USDT'}]} [MyMACD.py:295]
2019-10-29 16:38:53,357- INFO - {'table': 'spot/candle1800s', 'data': [{'candle': ['2019-10-29T08:30:00.000Z', '185.65', '185.96', '185.32', '185.96', '1572.699903'], 'instrument_id': 'ETH-USDT'}]} [MyMACD.py:295]
2019-10-29 16:38:53,803- INFO - {'table': 'spot/candle1800s', 'data': [{'candle': ['2019-10-29T08:30:00.000Z', '9414.7', '9430', '9388.4', '9425.7', '127.66160718'], 'instrument_id': 'BTC-USDT'}]} [MyMACD.py:295]
2019-10-29 16:38:56,878- INFO - {'table': 'spot/candle1800s', 'data': [{'candle': ['2019-10-29T08:30:00.000Z', '285.25', '287.58', '284.65', '287.57', '3101.7128'], 'instrument_id': 'BCH-USDT'}]} [MyMACD.py:295]
2019-10-29 16:38:57,339- INFO - {'table': 'spot/candle1800s', 'data': [{'candle': ['2019-10-29T08:30:00.000Z', '9414.7', '9430', '9388.4', '9424', '128.12518104'], 'instrument_id': 'BTC-USDT'}]} [MyMACD.py:295]
2019-10-29 16:38:58,075- DEBUG - send: b'\x88\x82\xa5\xdak\x9f\xa62' [_logging.py:74]
2019-10-29 16:38:58,118- INFO - Connection closed …… [MyMACD.py:314]
